

Martian Runtime - v4.0.12
Serving UI at http://HMM:33631?auth=d_5D3YpaMGu8AwSlWbA669f4MMIUUiuxAMy1hbdAGLo

Running preflight checks (please wait)...
Checking sample info...
Checking FASTQ folder...
Checking reference...
Checking reference_path (/media/XLStorage/hbao2/SCRNA/Ref/FCA_6.31/FCA631_Cellranger801) on HMM...
Checking optional arguments...
mro: v4.0.12
mrp: v4.0.12
python: Python 3.10.8
numpy: 1.24.4
scipy: 1.10.1
pysam: 0.21.0
h5py: 3.9.0
pandas: 2.1.4
STAR: 2.7.2a
samtools: samtools 1.16.1
2024-10-20 23:09:29 [runtime] (ready)           ID.Female_Ctrl_B.SC_RNA_COUNTER_CS.SC_MULTI_CORE.MULTI_GEM_WELL_PROCESSOR.COUNT_GEM_WELL_PROCESSOR._BASIC_SC_RNA_COUNTER._MATRIX_COMPUTER.DISABLE_CORRECTION_FACTOR
2024-10-20 23:09:29 [runtime] (run:local)       ID.Female_Ctrl_B.SC_RNA_COUNTER_CS.SC_MULTI_CORE.MULTI_GEM_WELL_PROCESSOR.COUNT_GEM_WELL_PROCESSOR._BASIC_SC_RNA_COUNTER._MATRIX_COMPUTER.DISABLE_CORRECTION_FACTOR.fork0.chnk0.main
2024-10-20 23:09:29 [runtime] (ready)           ID.Female_Ctrl_B.SC_RNA_COUNTER_CS.SC_MULTI_CORE.COPY_VDJ_REFERENCE
2024-10-20 23:09:29 [runtime] (ready)           ID.Female_Ctrl_B.SC_RNA_COUNTER_CS.SC_MULTI_CORE.MAKE_FULL_CONFIG._MAKE_VDJ_CONFIG
2024-10-20 23:09:29 [runtime] (run:local)       ID.Female_Ctrl_B.SC_RNA_COUNTER_CS.SC_MULTI_CORE.MAKE_FULL_CONFIG._MAKE_VDJ_CONFIG.fork0.chnk0.main
2024-10-20 23:09:29 [runtime] (ready)           ID.Female_Ctrl_B.SC_RNA_COUNTER_CS.SC_MULTI_CORE.MULTI_CHEMISTRY_DETECTOR.CHECK_SINGLE_BEAM_MODE
2024-10-20 23:09:29 [runtime] (ready)           ID.Female_Ctrl_B.SC_RNA_COUNTER_CS.FULL_COUNT_INPUTS.WRITE_GENE_INDEX
2024-10-20 23:09:29 [runtime] (run:local)       ID.Female_Ctrl_B.SC_RNA_COUNTER_CS.FULL_COUNT_INPUTS.WRITE_GENE_INDEX.fork0.chnk0.main
2024-10-20 23:09:29 [runtime] (ready)           ID.Female_Ctrl_B.SC_RNA_COUNTER_CS.WRITE_GENE_INDEX
2024-10-20 23:09:29 [runtime] (run:local)       ID.Female_Ctrl_B.SC_RNA_COUNTER_CS.WRITE_GENE_INDEX.fork0.chnk0.main
2024-10-20 23:09:29 [runtime] (ready)           ID.Female_Ctrl_B.SC_RNA_COUNTER_CS.SC_MULTI_CORE.SANITIZE_MAP_CALLS
2024-10-20 23:09:29 [runtime] (ready)           ID.Female_Ctrl_B.SC_RNA_COUNTER_CS.SC_MULTI_CORE.SPLIT_VDJ_INPUTS
2024-10-20 23:09:29 [runtime] (ready)           ID.Female_Ctrl_B.SC_RNA_COUNTER_CS.COPY_CHEMISTRY_SPEC
2024-10-20 23:09:29 [runtime] (run:local)       ID.Female_Ctrl_B.SC_RNA_COUNTER_CS.COPY_CHEMISTRY_SPEC.fork0.chnk0.main
2024-10-20 23:09:29 [runtime] (chunks_complete) ID.Female_Ctrl_B.SC_RNA_COUNTER_CS.SC_MULTI_CORE.MAKE_FULL_CONFIG._MAKE_VDJ_CONFIG
2024-10-20 23:09:29 [runtime] (chunks_complete) ID.Female_Ctrl_B.SC_RNA_COUNTER_CS.COPY_CHEMISTRY_SPEC
2024-10-20 23:09:29 [runtime] (ready)           ID.Female_Ctrl_B.SC_RNA_COUNTER_CS.SC_MULTI_CORE.MULTI_GEM_WELL_PROCESSOR.VDJ_T_GEM_WELL_PROCESSOR.MULTI_SETUP_CHUNKS
2024-10-20 23:09:29 [runtime] (ready)           ID.Female_Ctrl_B.SC_RNA_COUNTER_CS.SC_MULTI_CORE.MULTI_GEM_WELL_PROCESSOR.VDJ_B_GEM_WELL_PROCESSOR.SETUP_VDJ_DEMUX
2024-10-20 23:09:29 [runtime] (ready)           ID.Female_Ctrl_B.SC_RNA_COUNTER_CS.SC_MULTI_CORE.MULTI_GEM_WELL_PROCESSOR.VDJ_T_GD_GEM_WELL_PROCESSOR.SETUP_VDJ_DEMUX
2024-10-20 23:09:29 [runtime] (ready)           ID.Female_Ctrl_B.SC_RNA_COUNTER_CS.SC_MULTI_CORE.MULTI_GEM_WELL_PROCESSOR.VDJ_T_GEM_WELL_PROCESSOR.SETUP_VDJ_DEMUX
2024-10-20 23:09:29 [runtime] (ready)           ID.Female_Ctrl_B.SC_RNA_COUNTER_CS.SC_MULTI_CORE.MULTI_GEM_WELL_PROCESSOR.VDJ_T_GD_GEM_WELL_PROCESSOR.MULTI_SETUP_CHUNKS
2024-10-20 23:09:29 [runtime] (chunks_complete) ID.Female_Ctrl_B.SC_RNA_COUNTER_CS.SC_MULTI_CORE.MULTI_GEM_WELL_PROCESSOR.COUNT_GEM_WELL_PROCESSOR._BASIC_SC_RNA_COUNTER._MATRIX_COMPUTER.DISABLE_CORRECTION_FACTOR
2024-10-20 23:09:29 [runtime] (ready)           ID.Female_Ctrl_B.SC_RNA_COUNTER_CS.SC_MULTI_CORE.MULTI_GEM_WELL_PROCESSOR.VDJ_B_GEM_WELL_PROCESSOR.MULTI_SETUP_CHUNKS
2024-10-20 23:09:29 [runtime] (ready)           ID.Female_Ctrl_B.SC_RNA_COUNTER_CS.SC_MULTI_CORE.MULTI_CHEMISTRY_DETECTOR.DETECT_COUNT_CHEMISTRY
2024-10-20 23:09:29 [runtime] (run:local)       ID.Female_Ctrl_B.SC_RNA_COUNTER_CS.SC_MULTI_CORE.MULTI_CHEMISTRY_DETECTOR.DETECT_COUNT_CHEMISTRY.fork0.chnk0.main
2024-10-20 23:09:29 [runtime] (ready)           ID.Female_Ctrl_B.SC_RNA_COUNTER_CS.SC_MULTI_CORE.MULTI_GEM_WELL_PROCESSOR.VDJ_T_GD_GEM_WELL_PROCESSOR.SC_VDJ_CONTIG_ASSEMBLER.MAKE_SHARD
2024-10-20 23:09:29 [runtime] (ready)           ID.Female_Ctrl_B.SC_RNA_COUNTER_CS.SC_MULTI_CORE.MULTI_GEM_WELL_PROCESSOR.COUNT_GEM_WELL_PROCESSOR._BASIC_SC_RNA_COUNTER._MATRIX_COMPUTER.COMPUTE_CORRECTION_FACTOR
2024-10-20 23:09:29 [runtime] (ready)           ID.Female_Ctrl_B.SC_RNA_COUNTER_CS.SC_MULTI_CORE.MULTI_GEM_WELL_PROCESSOR.VDJ_B_GEM_WELL_PROCESSOR.SC_VDJ_CONTIG_ASSEMBLER.MAKE_SHARD
2024-10-20 23:09:29 [runtime] (ready)           ID.Female_Ctrl_B.SC_RNA_COUNTER_CS.SC_MULTI_CORE.MULTI_GEM_WELL_PROCESSOR.VDJ_T_GEM_WELL_PROCESSOR.SC_VDJ_CONTIG_ASSEMBLER.MAKE_SHARD
2024-10-20 23:09:29 [runtime] (ready)           ID.Female_Ctrl_B.SC_RNA_COUNTER_CS.SC_MULTI_CORE.MULTI_GEM_WELL_PROCESSOR.VDJ_T_GD_GEM_WELL_PROCESSOR.SC_VDJ_CONTIG_ASSEMBLER.BARCODE_CORRECTION
2024-10-20 23:09:29 [runtime] (ready)           ID.Female_Ctrl_B.SC_RNA_COUNTER_CS.SC_MULTI_CORE.MULTI_GEM_WELL_PROCESSOR.VDJ_B_GEM_WELL_PROCESSOR.SC_VDJ_CONTIG_ASSEMBLER.BARCODE_CORRECTION
2024-10-20 23:09:29 [runtime] (ready)           ID.Female_Ctrl_B.SC_RNA_COUNTER_CS.SC_MULTI_CORE.MULTI_GEM_WELL_PROCESSOR.VDJ_T_GEM_WELL_PROCESSOR.SC_VDJ_CONTIG_ASSEMBLER.BARCODE_CORRECTION
2024-10-20 23:09:29 [runtime] (ready)           ID.Female_Ctrl_B.SC_RNA_COUNTER_CS.SC_MULTI_CORE.MULTI_GEM_WELL_PROCESSOR.VDJ_T_GD_GEM_WELL_PROCESSOR.SC_VDJ_CONTIG_ASSEMBLER.RUST_BRIDGE
2024-10-20 23:09:29 [runtime] (ready)           ID.Female_Ctrl_B.SC_RNA_COUNTER_CS.SC_MULTI_CORE.MULTI_GEM_WELL_PROCESSOR.VDJ_T_GEM_WELL_PROCESSOR.SC_VDJ_CONTIG_ASSEMBLER.RUST_BRIDGE
2024-10-20 23:09:29 [runtime] (ready)           ID.Female_Ctrl_B.SC_RNA_COUNTER_CS.SC_MULTI_CORE.MULTI_GEM_WELL_PROCESSOR.VDJ_B_GEM_WELL_PROCESSOR.SC_VDJ_CONTIG_ASSEMBLER.RUST_BRIDGE
2024-10-20 23:09:29 [runtime] (ready)           ID.Female_Ctrl_B.SC_RNA_COUNTER_CS.SC_MULTI_CORE.MULTI_GEM_WELL_PROCESSOR.VDJ_B_GEM_WELL_PROCESSOR.SC_VDJ_CONTIG_ASSEMBLER.ASSEMBLE_VDJ
2024-10-20 23:09:29 [runtime] (ready)           ID.Female_Ctrl_B.SC_RNA_COUNTER_CS.SC_MULTI_CORE.MULTI_GEM_WELL_PROCESSOR.VDJ_T_GEM_WELL_PROCESSOR.SC_VDJ_CONTIG_ASSEMBLER.ASSEMBLE_VDJ
2024-10-20 23:09:29 [runtime] (ready)           ID.Female_Ctrl_B.SC_RNA_COUNTER_CS.SC_MULTI_CORE.MULTI_GEM_WELL_PROCESSOR.VDJ_T_GD_GEM_WELL_PROCESSOR.SC_VDJ_CONTIG_ASSEMBLER.ASSEMBLE_VDJ
2024-10-20 23:09:29 [runtime] (ready)           ID.Female_Ctrl_B.SC_RNA_COUNTER_CS.SC_MULTI_CORE.MULTI_GEM_WELL_PROCESSOR.VDJ_B_GEM_WELL_PROCESSOR.SC_VDJ_CONTIG_ASSEMBLER.MERGE_METRICS
2024-10-20 23:09:29 [runtime] (ready)           ID.Female_Ctrl_B.SC_RNA_COUNTER_CS.SC_MULTI_CORE.MULTI_GEM_WELL_PROCESSOR.VDJ_T_GEM_WELL_PROCESSOR.SC_VDJ_CONTIG_ASSEMBLER.MERGE_METRICS
2024-10-20 23:09:29 [runtime] (ready)           ID.Female_Ctrl_B.SC_RNA_COUNTER_CS.SC_MULTI_CORE.MULTI_GEM_WELL_PROCESSOR.VDJ_T_GD_GEM_WELL_PROCESSOR.SC_VDJ_CONTIG_ASSEMBLER.MERGE_METRICS
2024-10-20 23:09:31 [runtime] (chunks_complete) ID.Female_Ctrl_B.SC_RNA_COUNTER_CS.FULL_COUNT_INPUTS.WRITE_GENE_INDEX
2024-10-20 23:09:31 [runtime] (ready)           ID.Female_Ctrl_B.SC_RNA_COUNTER_CS.SC_MULTI_CORE.MULTI_GEM_WELL_PROCESSOR.COUNT_GEM_WELL_PROCESSOR.PARSE_TARGET_FEATURES
2024-10-20 23:09:31 [runtime] (run:local)       ID.Female_Ctrl_B.SC_RNA_COUNTER_CS.SC_MULTI_CORE.MULTI_GEM_WELL_PROCESSOR.COUNT_GEM_WELL_PROCESSOR.PARSE_TARGET_FEATURES.fork0.chnk0.main
2024-10-20 23:09:31 [runtime] (chunks_complete) ID.Female_Ctrl_B.SC_RNA_COUNTER_CS.WRITE_GENE_INDEX
2024-10-20 23:09:32 [runtime] (chunks_complete) ID.Female_Ctrl_B.SC_RNA_COUNTER_CS.SC_MULTI_CORE.MULTI_GEM_WELL_PROCESSOR.COUNT_GEM_WELL_PROCESSOR.PARSE_TARGET_FEATURES
2024-10-20 23:09:35 [runtime] (chunks_complete) ID.Female_Ctrl_B.SC_RNA_COUNTER_CS.SC_MULTI_CORE.MULTI_CHEMISTRY_DETECTOR.DETECT_COUNT_CHEMISTRY
2024-10-20 23:09:35 [runtime] (ready)           ID.Female_Ctrl_B.SC_RNA_COUNTER_CS.SC_MULTI_CORE.MULTI_CHEMISTRY_DETECTOR.CHECK_BARCODES_COMPATIBILITY
2024-10-20 23:09:35 [runtime] (run:local)       ID.Female_Ctrl_B.SC_RNA_COUNTER_CS.SC_MULTI_CORE.MULTI_CHEMISTRY_DETECTOR.CHECK_BARCODES_COMPATIBILITY.fork0.chnk0.main
2024-10-20 23:09:35 [runtime] (ready)           ID.Female_Ctrl_B.SC_RNA_COUNTER_CS.SC_MULTI_CORE.MULTI_GEM_WELL_PROCESSOR.MAKE_VDJ_FILTER_SWITCH
2024-10-20 23:09:35 [runtime] (run:local)       ID.Female_Ctrl_B.SC_RNA_COUNTER_CS.SC_MULTI_CORE.MULTI_GEM_WELL_PROCESSOR.MAKE_VDJ_FILTER_SWITCH.fork0.chnk0.main
2024-10-20 23:09:35 [runtime] (ready)           ID.Female_Ctrl_B.SC_RNA_COUNTER_CS.SC_MULTI_CORE.MULTI_GEM_WELL_PROCESSOR.COUNT_GEM_WELL_PROCESSOR.MULTI_SETUP_CHUNKS
2024-10-20 23:09:35 [runtime] (run:local)       ID.Female_Ctrl_B.SC_RNA_COUNTER_CS.SC_MULTI_CORE.MULTI_GEM_WELL_PROCESSOR.COUNT_GEM_WELL_PROCESSOR.MULTI_SETUP_CHUNKS.fork0.chnk0.main
2024-10-20 23:09:35 [runtime] (ready)           ID.Female_Ctrl_B.SC_RNA_COUNTER_CS.SC_MULTI_CORE.CREATE_MULTI_GRAPH
2024-10-20 23:09:35 [runtime] (chunks_complete) ID.Female_Ctrl_B.SC_RNA_COUNTER_CS.SC_MULTI_CORE.MULTI_CHEMISTRY_DETECTOR.CHECK_BARCODES_COMPATIBILITY
2024-10-20 23:09:35 [runtime] (chunks_complete) ID.Female_Ctrl_B.SC_RNA_COUNTER_CS.SC_MULTI_CORE.MULTI_GEM_WELL_PROCESSOR.MAKE_VDJ_FILTER_SWITCH
2024-10-20 23:09:35 [runtime] (chunks_complete) ID.Female_Ctrl_B.SC_RNA_COUNTER_CS.SC_MULTI_CORE.MULTI_GEM_WELL_PROCESSOR.COUNT_GEM_WELL_PROCESSOR.MULTI_SETUP_CHUNKS
2024-10-20 23:09:35 [runtime] (ready)           ID.Female_Ctrl_B.SC_RNA_COUNTER_CS.SC_MULTI_CORE.MULTI_GEM_WELL_PROCESSOR.COUNT_GEM_WELL_PROCESSOR._BASIC_SC_RNA_COUNTER._MATRIX_COMPUTER.MAKE_SHARD
2024-10-20 23:09:35 [runtime] (run:local)       ID.Female_Ctrl_B.SC_RNA_COUNTER_CS.SC_MULTI_CORE.MULTI_GEM_WELL_PROCESSOR.COUNT_GEM_WELL_PROCESSOR._BASIC_SC_RNA_COUNTER._MATRIX_COMPUTER.MAKE_SHARD.fork0.split
2024-10-20 23:09:36 [runtime] (split_complete)  ID.Female_Ctrl_B.SC_RNA_COUNTER_CS.SC_MULTI_CORE.MULTI_GEM_WELL_PROCESSOR.COUNT_GEM_WELL_PROCESSOR._BASIC_SC_RNA_COUNTER._MATRIX_COMPUTER.MAKE_SHARD
2024-10-20 23:09:36 [runtime] (run:local)       ID.Female_Ctrl_B.SC_RNA_COUNTER_CS.SC_MULTI_CORE.MULTI_GEM_WELL_PROCESSOR.COUNT_GEM_WELL_PROCESSOR._BASIC_SC_RNA_COUNTER._MATRIX_COMPUTER.MAKE_SHARD.fork0.chnk0.main
2024-10-20 23:09:36 [runtime] (run:local)       ID.Female_Ctrl_B.SC_RNA_COUNTER_CS.SC_MULTI_CORE.MULTI_GEM_WELL_PROCESSOR.COUNT_GEM_WELL_PROCESSOR._BASIC_SC_RNA_COUNTER._MATRIX_COMPUTER.MAKE_SHARD.fork0.chnk1.main
2024-10-20 23:15:38 [runtime] (update)          ID.Female_Ctrl_B.SC_RNA_COUNTER_CS.SC_MULTI_CORE.MULTI_GEM_WELL_PROCESSOR.COUNT_GEM_WELL_PROCESSOR._BASIC_SC_RNA_COUNTER._MATRIX_COMPUTER.MAKE_SHARD.fork0 chunks running (0/2 completed)
2024-10-20 23:21:37 [runtime] (update)          ID.Female_Ctrl_B.SC_RNA_COUNTER_CS.SC_MULTI_CORE.MULTI_GEM_WELL_PROCESSOR.COUNT_GEM_WELL_PROCESSOR._BASIC_SC_RNA_COUNTER._MATRIX_COMPUTER.MAKE_SHARD.fork0 chunks running (0/2 completed)
2024-10-20 23:27:39 [runtime] (update)          ID.Female_Ctrl_B.SC_RNA_COUNTER_CS.SC_MULTI_CORE.MULTI_GEM_WELL_PROCESSOR.COUNT_GEM_WELL_PROCESSOR._BASIC_SC_RNA_COUNTER._MATRIX_COMPUTER.MAKE_SHARD.fork0 chunks running (0/2 completed)
2024-10-20 23:33:39 [runtime] (update)          ID.Female_Ctrl_B.SC_RNA_COUNTER_CS.SC_MULTI_CORE.MULTI_GEM_WELL_PROCESSOR.COUNT_GEM_WELL_PROCESSOR._BASIC_SC_RNA_COUNTER._MATRIX_COMPUTER.MAKE_SHARD.fork0 chunks running (0/2 completed)
2024-10-20 23:39:38 [runtime] (update)          ID.Female_Ctrl_B.SC_RNA_COUNTER_CS.SC_MULTI_CORE.MULTI_GEM_WELL_PROCESSOR.COUNT_GEM_WELL_PROCESSOR._BASIC_SC_RNA_COUNTER._MATRIX_COMPUTER.MAKE_SHARD.fork0 chunks running (0/2 completed)
2024-10-20 23:45:40 [runtime] (update)          ID.Female_Ctrl_B.SC_RNA_COUNTER_CS.SC_MULTI_CORE.MULTI_GEM_WELL_PROCESSOR.COUNT_GEM_WELL_PROCESSOR._BASIC_SC_RNA_COUNTER._MATRIX_COMPUTER.MAKE_SHARD.fork0 chunks running (0/2 completed)
2024-10-20 23:51:39 [runtime] (update)          ID.Female_Ctrl_B.SC_RNA_COUNTER_CS.SC_MULTI_CORE.MULTI_GEM_WELL_PROCESSOR.COUNT_GEM_WELL_PROCESSOR._BASIC_SC_RNA_COUNTER._MATRIX_COMPUTER.MAKE_SHARD.fork0 chunks running (0/2 completed)
2024-10-20 23:57:38 [runtime] (update)          ID.Female_Ctrl_B.SC_RNA_COUNTER_CS.SC_MULTI_CORE.MULTI_GEM_WELL_PROCESSOR.COUNT_GEM_WELL_PROCESSOR._BASIC_SC_RNA_COUNTER._MATRIX_COMPUTER.MAKE_SHARD.fork0 chunks running (0/2 completed)
2024-10-21 00:03:40 [runtime] (update)          ID.Female_Ctrl_B.SC_RNA_COUNTER_CS.SC_MULTI_CORE.MULTI_GEM_WELL_PROCESSOR.COUNT_GEM_WELL_PROCESSOR._BASIC_SC_RNA_COUNTER._MATRIX_COMPUTER.MAKE_SHARD.fork0 chunks running (0/2 completed)
2024-10-21 00:09:39 [runtime] (update)          ID.Female_Ctrl_B.SC_RNA_COUNTER_CS.SC_MULTI_CORE.MULTI_GEM_WELL_PROCESSOR.COUNT_GEM_WELL_PROCESSOR._BASIC_SC_RNA_COUNTER._MATRIX_COMPUTER.MAKE_SHARD.fork0 chunks running (0/2 completed)
2024-10-21 00:15:38 [runtime] (update)          ID.Female_Ctrl_B.SC_RNA_COUNTER_CS.SC_MULTI_CORE.MULTI_GEM_WELL_PROCESSOR.COUNT_GEM_WELL_PROCESSOR._BASIC_SC_RNA_COUNTER._MATRIX_COMPUTER.MAKE_SHARD.fork0 chunks running (0/2 completed)
2024-10-21 00:21:40 [runtime] (update)          ID.Female_Ctrl_B.SC_RNA_COUNTER_CS.SC_MULTI_CORE.MULTI_GEM_WELL_PROCESSOR.COUNT_GEM_WELL_PROCESSOR._BASIC_SC_RNA_COUNTER._MATRIX_COMPUTER.MAKE_SHARD.fork0 chunks running (0/2 completed)
2024-10-21 00:27:39 [runtime] (update)          ID.Female_Ctrl_B.SC_RNA_COUNTER_CS.SC_MULTI_CORE.MULTI_GEM_WELL_PROCESSOR.COUNT_GEM_WELL_PROCESSOR._BASIC_SC_RNA_COUNTER._MATRIX_COMPUTER.MAKE_SHARD.fork0 chunks running (0/2 completed)
2024-10-21 00:33:38 [runtime] (update)          ID.Female_Ctrl_B.SC_RNA_COUNTER_CS.SC_MULTI_CORE.MULTI_GEM_WELL_PROCESSOR.COUNT_GEM_WELL_PROCESSOR._BASIC_SC_RNA_COUNTER._MATRIX_COMPUTER.MAKE_SHARD.fork0 chunks running (0/2 completed)
2024-10-21 00:39:41 [runtime] (update)          ID.Female_Ctrl_B.SC_RNA_COUNTER_CS.SC_MULTI_CORE.MULTI_GEM_WELL_PROCESSOR.COUNT_GEM_WELL_PROCESSOR._BASIC_SC_RNA_COUNTER._MATRIX_COMPUTER.MAKE_SHARD.fork0 chunks running (0/2 completed)
2024-10-21 00:45:40 [runtime] (update)          ID.Female_Ctrl_B.SC_RNA_COUNTER_CS.SC_MULTI_CORE.MULTI_GEM_WELL_PROCESSOR.COUNT_GEM_WELL_PROCESSOR._BASIC_SC_RNA_COUNTER._MATRIX_COMPUTER.MAKE_SHARD.fork0 chunks running (0/2 completed)
2024-10-21 00:51:39 [runtime] (update)          ID.Female_Ctrl_B.SC_RNA_COUNTER_CS.SC_MULTI_CORE.MULTI_GEM_WELL_PROCESSOR.COUNT_GEM_WELL_PROCESSOR._BASIC_SC_RNA_COUNTER._MATRIX_COMPUTER.MAKE_SHARD.fork0 chunks running (0/2 completed)
2024-10-21 00:57:41 [runtime] (update)          ID.Female_Ctrl_B.SC_RNA_COUNTER_CS.SC_MULTI_CORE.MULTI_GEM_WELL_PROCESSOR.COUNT_GEM_WELL_PROCESSOR._BASIC_SC_RNA_COUNTER._MATRIX_COMPUTER.MAKE_SHARD.fork0 chunks running (0/2 completed)
2024-10-21 01:03:40 [runtime] (update)          ID.Female_Ctrl_B.SC_RNA_COUNTER_CS.SC_MULTI_CORE.MULTI_GEM_WELL_PROCESSOR.COUNT_GEM_WELL_PROCESSOR._BASIC_SC_RNA_COUNTER._MATRIX_COMPUTER.MAKE_SHARD.fork0 chunks running (0/2 completed)
2024-10-21 01:09:39 [runtime] (update)          ID.Female_Ctrl_B.SC_RNA_COUNTER_CS.SC_MULTI_CORE.MULTI_GEM_WELL_PROCESSOR.COUNT_GEM_WELL_PROCESSOR._BASIC_SC_RNA_COUNTER._MATRIX_COMPUTER.MAKE_SHARD.fork0 chunks running (0/2 completed)
2024-10-21 01:15:41 [runtime] (update)          ID.Female_Ctrl_B.SC_RNA_COUNTER_CS.SC_MULTI_CORE.MULTI_GEM_WELL_PROCESSOR.COUNT_GEM_WELL_PROCESSOR._BASIC_SC_RNA_COUNTER._MATRIX_COMPUTER.MAKE_SHARD.fork0 chunks running (0/2 completed)
2024-10-21 01:20:36 [runtime] (failed)          ID.Female_Ctrl_B.SC_RNA_COUNTER_CS.SC_MULTI_CORE.MULTI_GEM_WELL_PROCESSOR.COUNT_GEM_WELL_PROCESSOR._BASIC_SC_RNA_COUNTER._MATRIX_COMPUTER.MAKE_SHARD

[error] Pipestance failed. Error log at:
Female_Ctrl_B/SC_RNA_COUNTER_CS/SC_MULTI_CORE/MULTI_GEM_WELL_PROCESSOR/COUNT_GEM_WELL_PROCESSOR/_BASIC_SC_RNA_COUNTER/_MATRIX_COMPUTER/MAKE_SHARD/fork0/chnk1-uf1f415d400/_errors

Log message:
There were no reads to process. Please check whether the read lengths in the input fastqs satisfy the minumum read length requirements for the chemistry.

Waiting 6 seconds for UI to do final refresh.
Pipestance failed. Use --noexit option to keep UI running after failure.

2024-10-21 01:20:42 Shutting down.
Saving pipestance info to "Female_Ctrl_B/Female_Ctrl_B.mri.tgz"
For assistance, upload this file to 10x Genomics by running:

cellranger upload <your_email> "Female_Ctrl_B/Female_Ctrl_B.mri.tgz"

Finished Female_Ctrl_B


Martian Runtime - v4.0.12
Serving UI at http://HMM:44493?auth=UyAb6ByjsJpR2ZWPZU5CACTYAZMfS3HEpIX4jzq2cns

Running preflight checks (please wait)...
Checking sample info...
Checking FASTQ folder...
Checking reference...
Checking reference_path (/media/XLStorage/hbao2/SCRNA/Ref/FCA_6.31/FCA631_Cellranger801) on HMM...
Checking optional arguments...
mro: v4.0.12
mrp: v4.0.12
python: Python 3.10.8
numpy: 1.24.4
scipy: 1.10.1
pysam: 0.21.0
h5py: 3.9.0
pandas: 2.1.4
STAR: 2.7.2a
samtools: samtools 1.16.1
2024-10-21 01:20:44 [runtime] (ready)           ID.Female_Host_B.SC_RNA_COUNTER_CS.WRITE_GENE_INDEX
2024-10-21 01:20:44 [runtime] (run:local)       ID.Female_Host_B.SC_RNA_COUNTER_CS.WRITE_GENE_INDEX.fork0.chnk0.main
2024-10-21 01:20:44 [runtime] (ready)           ID.Female_Host_B.SC_RNA_COUNTER_CS.SC_MULTI_CORE.SANITIZE_MAP_CALLS
2024-10-21 01:20:44 [runtime] (ready)           ID.Female_Host_B.SC_RNA_COUNTER_CS.SC_MULTI_CORE.MULTI_CHEMISTRY_DETECTOR.CHECK_SINGLE_BEAM_MODE
2024-10-21 01:20:44 [runtime] (ready)           ID.Female_Host_B.SC_RNA_COUNTER_CS.SC_MULTI_CORE.MULTI_GEM_WELL_PROCESSOR.COUNT_GEM_WELL_PROCESSOR._BASIC_SC_RNA_COUNTER._MATRIX_COMPUTER.DISABLE_CORRECTION_FACTOR
2024-10-21 01:20:44 [runtime] (run:local)       ID.Female_Host_B.SC_RNA_COUNTER_CS.SC_MULTI_CORE.MULTI_GEM_WELL_PROCESSOR.COUNT_GEM_WELL_PROCESSOR._BASIC_SC_RNA_COUNTER._MATRIX_COMPUTER.DISABLE_CORRECTION_FACTOR.fork0.chnk0.main
2024-10-21 01:20:44 [runtime] (ready)           ID.Female_Host_B.SC_RNA_COUNTER_CS.FULL_COUNT_INPUTS.WRITE_GENE_INDEX
2024-10-21 01:20:44 [runtime] (run:local)       ID.Female_Host_B.SC_RNA_COUNTER_CS.FULL_COUNT_INPUTS.WRITE_GENE_INDEX.fork0.chnk0.main
2024-10-21 01:20:44 [runtime] (ready)           ID.Female_Host_B.SC_RNA_COUNTER_CS.SC_MULTI_CORE.COPY_VDJ_REFERENCE
2024-10-21 01:20:44 [runtime] (ready)           ID.Female_Host_B.SC_RNA_COUNTER_CS.SC_MULTI_CORE.MAKE_FULL_CONFIG._MAKE_VDJ_CONFIG
2024-10-21 01:20:44 [runtime] (run:local)       ID.Female_Host_B.SC_RNA_COUNTER_CS.SC_MULTI_CORE.MAKE_FULL_CONFIG._MAKE_VDJ_CONFIG.fork0.chnk0.main
2024-10-21 01:20:44 [runtime] (ready)           ID.Female_Host_B.SC_RNA_COUNTER_CS.SC_MULTI_CORE.SPLIT_VDJ_INPUTS
2024-10-21 01:20:44 [runtime] (ready)           ID.Female_Host_B.SC_RNA_COUNTER_CS.COPY_CHEMISTRY_SPEC
2024-10-21 01:20:44 [runtime] (run:local)       ID.Female_Host_B.SC_RNA_COUNTER_CS.COPY_CHEMISTRY_SPEC.fork0.chnk0.main
2024-10-21 01:20:45 [runtime] (chunks_complete) ID.Female_Host_B.SC_RNA_COUNTER_CS.SC_MULTI_CORE.MAKE_FULL_CONFIG._MAKE_VDJ_CONFIG
2024-10-21 01:20:45 [runtime] (chunks_complete) ID.Female_Host_B.SC_RNA_COUNTER_CS.SC_MULTI_CORE.MULTI_GEM_WELL_PROCESSOR.COUNT_GEM_WELL_PROCESSOR._BASIC_SC_RNA_COUNTER._MATRIX_COMPUTER.DISABLE_CORRECTION_FACTOR
2024-10-21 01:20:45 [runtime] (ready)           ID.Female_Host_B.SC_RNA_COUNTER_CS.SC_MULTI_CORE.MULTI_GEM_WELL_PROCESSOR.VDJ_T_GEM_WELL_PROCESSOR.SETUP_VDJ_DEMUX
2024-10-21 01:20:45 [runtime] (ready)           ID.Female_Host_B.SC_RNA_COUNTER_CS.SC_MULTI_CORE.MULTI_GEM_WELL_PROCESSOR.VDJ_T_GD_GEM_WELL_PROCESSOR.SETUP_VDJ_DEMUX
2024-10-21 01:20:45 [runtime] (ready)           ID.Female_Host_B.SC_RNA_COUNTER_CS.SC_MULTI_CORE.MULTI_GEM_WELL_PROCESSOR.VDJ_T_GD_GEM_WELL_PROCESSOR.MULTI_SETUP_CHUNKS
2024-10-21 01:20:45 [runtime] (ready)           ID.Female_Host_B.SC_RNA_COUNTER_CS.SC_MULTI_CORE.MULTI_GEM_WELL_PROCESSOR.VDJ_B_GEM_WELL_PROCESSOR.SETUP_VDJ_DEMUX
2024-10-21 01:20:45 [runtime] (chunks_complete) ID.Female_Host_B.SC_RNA_COUNTER_CS.COPY_CHEMISTRY_SPEC
2024-10-21 01:20:45 [runtime] (ready)           ID.Female_Host_B.SC_RNA_COUNTER_CS.SC_MULTI_CORE.MULTI_GEM_WELL_PROCESSOR.VDJ_T_GEM_WELL_PROCESSOR.MULTI_SETUP_CHUNKS
2024-10-21 01:20:45 [runtime] (ready)           ID.Female_Host_B.SC_RNA_COUNTER_CS.SC_MULTI_CORE.MULTI_GEM_WELL_PROCESSOR.VDJ_B_GEM_WELL_PROCESSOR.MULTI_SETUP_CHUNKS
2024-10-21 01:20:45 [runtime] (ready)           ID.Female_Host_B.SC_RNA_COUNTER_CS.SC_MULTI_CORE.MULTI_GEM_WELL_PROCESSOR.VDJ_T_GEM_WELL_PROCESSOR.SC_VDJ_CONTIG_ASSEMBLER.MAKE_SHARD
2024-10-21 01:20:45 [runtime] (ready)           ID.Female_Host_B.SC_RNA_COUNTER_CS.SC_MULTI_CORE.MULTI_GEM_WELL_PROCESSOR.VDJ_T_GD_GEM_WELL_PROCESSOR.SC_VDJ_CONTIG_ASSEMBLER.MAKE_SHARD
2024-10-21 01:20:45 [runtime] (ready)           ID.Female_Host_B.SC_RNA_COUNTER_CS.SC_MULTI_CORE.MULTI_GEM_WELL_PROCESSOR.COUNT_GEM_WELL_PROCESSOR._BASIC_SC_RNA_COUNTER._MATRIX_COMPUTER.COMPUTE_CORRECTION_FACTOR
2024-10-21 01:20:45 [runtime] (ready)           ID.Female_Host_B.SC_RNA_COUNTER_CS.SC_MULTI_CORE.MULTI_GEM_WELL_PROCESSOR.VDJ_T_GD_GEM_WELL_PROCESSOR.SC_VDJ_CONTIG_ASSEMBLER.BARCODE_CORRECTION
2024-10-21 01:20:45 [runtime] (ready)           ID.Female_Host_B.SC_RNA_COUNTER_CS.SC_MULTI_CORE.MULTI_GEM_WELL_PROCESSOR.VDJ_B_GEM_WELL_PROCESSOR.SC_VDJ_CONTIG_ASSEMBLER.MAKE_SHARD
2024-10-21 01:20:45 [runtime] (ready)           ID.Female_Host_B.SC_RNA_COUNTER_CS.SC_MULTI_CORE.MULTI_GEM_WELL_PROCESSOR.VDJ_T_GEM_WELL_PROCESSOR.SC_VDJ_CONTIG_ASSEMBLER.BARCODE_CORRECTION
2024-10-21 01:20:45 [runtime] (ready)           ID.Female_Host_B.SC_RNA_COUNTER_CS.SC_MULTI_CORE.MULTI_CHEMISTRY_DETECTOR.DETECT_COUNT_CHEMISTRY
2024-10-21 01:20:45 [runtime] (run:local)       ID.Female_Host_B.SC_RNA_COUNTER_CS.SC_MULTI_CORE.MULTI_CHEMISTRY_DETECTOR.DETECT_COUNT_CHEMISTRY.fork0.chnk0.main
2024-10-21 01:20:45 [runtime] (ready)           ID.Female_Host_B.SC_RNA_COUNTER_CS.SC_MULTI_CORE.MULTI_GEM_WELL_PROCESSOR.VDJ_T_GD_GEM_WELL_PROCESSOR.SC_VDJ_CONTIG_ASSEMBLER.RUST_BRIDGE
2024-10-21 01:20:45 [runtime] (ready)           ID.Female_Host_B.SC_RNA_COUNTER_CS.SC_MULTI_CORE.MULTI_GEM_WELL_PROCESSOR.VDJ_B_GEM_WELL_PROCESSOR.SC_VDJ_CONTIG_ASSEMBLER.BARCODE_CORRECTION
2024-10-21 01:20:45 [runtime] (ready)           ID.Female_Host_B.SC_RNA_COUNTER_CS.SC_MULTI_CORE.MULTI_GEM_WELL_PROCESSOR.VDJ_T_GEM_WELL_PROCESSOR.SC_VDJ_CONTIG_ASSEMBLER.RUST_BRIDGE
2024-10-21 01:20:45 [runtime] (ready)           ID.Female_Host_B.SC_RNA_COUNTER_CS.SC_MULTI_CORE.MULTI_GEM_WELL_PROCESSOR.VDJ_T_GEM_WELL_PROCESSOR.SC_VDJ_CONTIG_ASSEMBLER.ASSEMBLE_VDJ
2024-10-21 01:20:45 [runtime] (ready)           ID.Female_Host_B.SC_RNA_COUNTER_CS.SC_MULTI_CORE.MULTI_GEM_WELL_PROCESSOR.VDJ_T_GD_GEM_WELL_PROCESSOR.SC_VDJ_CONTIG_ASSEMBLER.ASSEMBLE_VDJ
2024-10-21 01:20:45 [runtime] (ready)           ID.Female_Host_B.SC_RNA_COUNTER_CS.SC_MULTI_CORE.MULTI_GEM_WELL_PROCESSOR.VDJ_B_GEM_WELL_PROCESSOR.SC_VDJ_CONTIG_ASSEMBLER.RUST_BRIDGE
2024-10-21 01:20:45 [runtime] (ready)           ID.Female_Host_B.SC_RNA_COUNTER_CS.SC_MULTI_CORE.MULTI_GEM_WELL_PROCESSOR.VDJ_B_GEM_WELL_PROCESSOR.SC_VDJ_CONTIG_ASSEMBLER.ASSEMBLE_VDJ
2024-10-21 01:20:45 [runtime] (ready)           ID.Female_Host_B.SC_RNA_COUNTER_CS.SC_MULTI_CORE.MULTI_GEM_WELL_PROCESSOR.VDJ_T_GEM_WELL_PROCESSOR.SC_VDJ_CONTIG_ASSEMBLER.MERGE_METRICS
2024-10-21 01:20:45 [runtime] (ready)           ID.Female_Host_B.SC_RNA_COUNTER_CS.SC_MULTI_CORE.MULTI_GEM_WELL_PROCESSOR.VDJ_T_GD_GEM_WELL_PROCESSOR.SC_VDJ_CONTIG_ASSEMBLER.MERGE_METRICS
2024-10-21 01:20:45 [runtime] (ready)           ID.Female_Host_B.SC_RNA_COUNTER_CS.SC_MULTI_CORE.MULTI_GEM_WELL_PROCESSOR.VDJ_B_GEM_WELL_PROCESSOR.SC_VDJ_CONTIG_ASSEMBLER.MERGE_METRICS
2024-10-21 01:20:47 [runtime] (chunks_complete) ID.Female_Host_B.SC_RNA_COUNTER_CS.FULL_COUNT_INPUTS.WRITE_GENE_INDEX
2024-10-21 01:20:47 [runtime] (ready)           ID.Female_Host_B.SC_RNA_COUNTER_CS.SC_MULTI_CORE.MULTI_GEM_WELL_PROCESSOR.COUNT_GEM_WELL_PROCESSOR.PARSE_TARGET_FEATURES
2024-10-21 01:20:47 [runtime] (run:local)       ID.Female_Host_B.SC_RNA_COUNTER_CS.SC_MULTI_CORE.MULTI_GEM_WELL_PROCESSOR.COUNT_GEM_WELL_PROCESSOR.PARSE_TARGET_FEATURES.fork0.chnk0.main
2024-10-21 01:20:47 [runtime] (chunks_complete) ID.Female_Host_B.SC_RNA_COUNTER_CS.WRITE_GENE_INDEX
2024-10-21 01:20:47 [runtime] (chunks_complete) ID.Female_Host_B.SC_RNA_COUNTER_CS.SC_MULTI_CORE.MULTI_GEM_WELL_PROCESSOR.COUNT_GEM_WELL_PROCESSOR.PARSE_TARGET_FEATURES
2024-10-21 01:20:52 [runtime] (chunks_complete) ID.Female_Host_B.SC_RNA_COUNTER_CS.SC_MULTI_CORE.MULTI_CHEMISTRY_DETECTOR.DETECT_COUNT_CHEMISTRY
2024-10-21 01:20:52 [runtime] (ready)           ID.Female_Host_B.SC_RNA_COUNTER_CS.SC_MULTI_CORE.MULTI_GEM_WELL_PROCESSOR.COUNT_GEM_WELL_PROCESSOR.MULTI_SETUP_CHUNKS
2024-10-21 01:20:52 [runtime] (run:local)       ID.Female_Host_B.SC_RNA_COUNTER_CS.SC_MULTI_CORE.MULTI_GEM_WELL_PROCESSOR.COUNT_GEM_WELL_PROCESSOR.MULTI_SETUP_CHUNKS.fork0.chnk0.main
2024-10-21 01:20:52 [runtime] (ready)           ID.Female_Host_B.SC_RNA_COUNTER_CS.SC_MULTI_CORE.CREATE_MULTI_GRAPH
2024-10-21 01:20:52 [runtime] (ready)           ID.Female_Host_B.SC_RNA_COUNTER_CS.SC_MULTI_CORE.MULTI_CHEMISTRY_DETECTOR.CHECK_BARCODES_COMPATIBILITY
2024-10-21 01:20:52 [runtime] (run:local)       ID.Female_Host_B.SC_RNA_COUNTER_CS.SC_MULTI_CORE.MULTI_CHEMISTRY_DETECTOR.CHECK_BARCODES_COMPATIBILITY.fork0.chnk0.main
2024-10-21 01:20:52 [runtime] (ready)           ID.Female_Host_B.SC_RNA_COUNTER_CS.SC_MULTI_CORE.MULTI_GEM_WELL_PROCESSOR.MAKE_VDJ_FILTER_SWITCH
2024-10-21 01:20:52 [runtime] (run:local)       ID.Female_Host_B.SC_RNA_COUNTER_CS.SC_MULTI_CORE.MULTI_GEM_WELL_PROCESSOR.MAKE_VDJ_FILTER_SWITCH.fork0.chnk0.main
2024-10-21 01:20:52 [runtime] (chunks_complete) ID.Female_Host_B.SC_RNA_COUNTER_CS.SC_MULTI_CORE.MULTI_CHEMISTRY_DETECTOR.CHECK_BARCODES_COMPATIBILITY
2024-10-21 01:20:52 [runtime] (chunks_complete) ID.Female_Host_B.SC_RNA_COUNTER_CS.SC_MULTI_CORE.MULTI_GEM_WELL_PROCESSOR.COUNT_GEM_WELL_PROCESSOR.MULTI_SETUP_CHUNKS
2024-10-21 01:20:52 [runtime] (chunks_complete) ID.Female_Host_B.SC_RNA_COUNTER_CS.SC_MULTI_CORE.MULTI_GEM_WELL_PROCESSOR.MAKE_VDJ_FILTER_SWITCH
2024-10-21 01:20:52 [runtime] (ready)           ID.Female_Host_B.SC_RNA_COUNTER_CS.SC_MULTI_CORE.MULTI_GEM_WELL_PROCESSOR.COUNT_GEM_WELL_PROCESSOR._BASIC_SC_RNA_COUNTER._MATRIX_COMPUTER.MAKE_SHARD
2024-10-21 01:20:52 [runtime] (run:local)       ID.Female_Host_B.SC_RNA_COUNTER_CS.SC_MULTI_CORE.MULTI_GEM_WELL_PROCESSOR.COUNT_GEM_WELL_PROCESSOR._BASIC_SC_RNA_COUNTER._MATRIX_COMPUTER.MAKE_SHARD.fork0.split
2024-10-21 01:20:53 [runtime] (split_complete)  ID.Female_Host_B.SC_RNA_COUNTER_CS.SC_MULTI_CORE.MULTI_GEM_WELL_PROCESSOR.COUNT_GEM_WELL_PROCESSOR._BASIC_SC_RNA_COUNTER._MATRIX_COMPUTER.MAKE_SHARD
2024-10-21 01:20:53 [runtime] (run:local)       ID.Female_Host_B.SC_RNA_COUNTER_CS.SC_MULTI_CORE.MULTI_GEM_WELL_PROCESSOR.COUNT_GEM_WELL_PROCESSOR._BASIC_SC_RNA_COUNTER._MATRIX_COMPUTER.MAKE_SHARD.fork0.chnk0.main
2024-10-21 01:20:53 [runtime] (run:local)       ID.Female_Host_B.SC_RNA_COUNTER_CS.SC_MULTI_CORE.MULTI_GEM_WELL_PROCESSOR.COUNT_GEM_WELL_PROCESSOR._BASIC_SC_RNA_COUNTER._MATRIX_COMPUTER.MAKE_SHARD.fork0.chnk1.main
2024-10-21 01:26:55 [runtime] (update)          ID.Female_Host_B.SC_RNA_COUNTER_CS.SC_MULTI_CORE.MULTI_GEM_WELL_PROCESSOR.COUNT_GEM_WELL_PROCESSOR._BASIC_SC_RNA_COUNTER._MATRIX_COMPUTER.MAKE_SHARD.fork0 chunks running (0/2 completed)
2024-10-21 01:32:54 [runtime] (update)          ID.Female_Host_B.SC_RNA_COUNTER_CS.SC_MULTI_CORE.MULTI_GEM_WELL_PROCESSOR.COUNT_GEM_WELL_PROCESSOR._BASIC_SC_RNA_COUNTER._MATRIX_COMPUTER.MAKE_SHARD.fork0 chunks running (0/2 completed)
2024-10-21 01:38:56 [runtime] (update)          ID.Female_Host_B.SC_RNA_COUNTER_CS.SC_MULTI_CORE.MULTI_GEM_WELL_PROCESSOR.COUNT_GEM_WELL_PROCESSOR._BASIC_SC_RNA_COUNTER._MATRIX_COMPUTER.MAKE_SHARD.fork0 chunks running (0/2 completed)
2024-10-21 01:44:55 [runtime] (update)          ID.Female_Host_B.SC_RNA_COUNTER_CS.SC_MULTI_CORE.MULTI_GEM_WELL_PROCESSOR.COUNT_GEM_WELL_PROCESSOR._BASIC_SC_RNA_COUNTER._MATRIX_COMPUTER.MAKE_SHARD.fork0 chunks running (0/2 completed)
2024-10-21 01:50:57 [runtime] (update)          ID.Female_Host_B.SC_RNA_COUNTER_CS.SC_MULTI_CORE.MULTI_GEM_WELL_PROCESSOR.COUNT_GEM_WELL_PROCESSOR._BASIC_SC_RNA_COUNTER._MATRIX_COMPUTER.MAKE_SHARD.fork0 chunks running (0/2 completed)
2024-10-21 01:56:56 [runtime] (update)          ID.Female_Host_B.SC_RNA_COUNTER_CS.SC_MULTI_CORE.MULTI_GEM_WELL_PROCESSOR.COUNT_GEM_WELL_PROCESSOR._BASIC_SC_RNA_COUNTER._MATRIX_COMPUTER.MAKE_SHARD.fork0 chunks running (0/2 completed)
2024-10-21 02:02:55 [runtime] (update)          ID.Female_Host_B.SC_RNA_COUNTER_CS.SC_MULTI_CORE.MULTI_GEM_WELL_PROCESSOR.COUNT_GEM_WELL_PROCESSOR._BASIC_SC_RNA_COUNTER._MATRIX_COMPUTER.MAKE_SHARD.fork0 chunks running (0/2 completed)
2024-10-21 02:08:57 [runtime] (update)          ID.Female_Host_B.SC_RNA_COUNTER_CS.SC_MULTI_CORE.MULTI_GEM_WELL_PROCESSOR.COUNT_GEM_WELL_PROCESSOR._BASIC_SC_RNA_COUNTER._MATRIX_COMPUTER.MAKE_SHARD.fork0 chunks running (0/2 completed)
2024-10-21 02:14:56 [runtime] (update)          ID.Female_Host_B.SC_RNA_COUNTER_CS.SC_MULTI_CORE.MULTI_GEM_WELL_PROCESSOR.COUNT_GEM_WELL_PROCESSOR._BASIC_SC_RNA_COUNTER._MATRIX_COMPUTER.MAKE_SHARD.fork0 chunks running (0/2 completed)
2024-10-21 02:20:55 [runtime] (update)          ID.Female_Host_B.SC_RNA_COUNTER_CS.SC_MULTI_CORE.MULTI_GEM_WELL_PROCESSOR.COUNT_GEM_WELL_PROCESSOR._BASIC_SC_RNA_COUNTER._MATRIX_COMPUTER.MAKE_SHARD.fork0 chunks running (0/2 completed)
2024-10-21 02:26:57 [runtime] (update)          ID.Female_Host_B.SC_RNA_COUNTER_CS.SC_MULTI_CORE.MULTI_GEM_WELL_PROCESSOR.COUNT_GEM_WELL_PROCESSOR._BASIC_SC_RNA_COUNTER._MATRIX_COMPUTER.MAKE_SHARD.fork0 chunks running (0/2 completed)
2024-10-21 02:32:56 [runtime] (update)          ID.Female_Host_B.SC_RNA_COUNTER_CS.SC_MULTI_CORE.MULTI_GEM_WELL_PROCESSOR.COUNT_GEM_WELL_PROCESSOR._BASIC_SC_RNA_COUNTER._MATRIX_COMPUTER.MAKE_SHARD.fork0 chunks running (0/2 completed)
2024-10-21 02:38:55 [runtime] (update)          ID.Female_Host_B.SC_RNA_COUNTER_CS.SC_MULTI_CORE.MULTI_GEM_WELL_PROCESSOR.COUNT_GEM_WELL_PROCESSOR._BASIC_SC_RNA_COUNTER._MATRIX_COMPUTER.MAKE_SHARD.fork0 chunks running (0/2 completed)
2024-10-21 02:44:57 [runtime] (update)          ID.Female_Host_B.SC_RNA_COUNTER_CS.SC_MULTI_CORE.MULTI_GEM_WELL_PROCESSOR.COUNT_GEM_WELL_PROCESSOR._BASIC_SC_RNA_COUNTER._MATRIX_COMPUTER.MAKE_SHARD.fork0 chunks running (0/2 completed)
2024-10-21 02:50:56 [runtime] (update)          ID.Female_Host_B.SC_RNA_COUNTER_CS.SC_MULTI_CORE.MULTI_GEM_WELL_PROCESSOR.COUNT_GEM_WELL_PROCESSOR._BASIC_SC_RNA_COUNTER._MATRIX_COMPUTER.MAKE_SHARD.fork0 chunks running (0/2 completed)
2024-10-21 02:56:58 [runtime] (update)          ID.Female_Host_B.SC_RNA_COUNTER_CS.SC_MULTI_CORE.MULTI_GEM_WELL_PROCESSOR.COUNT_GEM_WELL_PROCESSOR._BASIC_SC_RNA_COUNTER._MATRIX_COMPUTER.MAKE_SHARD.fork0 chunks running (0/2 completed)
2024-10-21 03:02:57 [runtime] (update)          ID.Female_Host_B.SC_RNA_COUNTER_CS.SC_MULTI_CORE.MULTI_GEM_WELL_PROCESSOR.COUNT_GEM_WELL_PROCESSOR._BASIC_SC_RNA_COUNTER._MATRIX_COMPUTER.MAKE_SHARD.fork0 chunks running (0/2 completed)
2024-10-21 03:08:56 [runtime] (update)          ID.Female_Host_B.SC_RNA_COUNTER_CS.SC_MULTI_CORE.MULTI_GEM_WELL_PROCESSOR.COUNT_GEM_WELL_PROCESSOR._BASIC_SC_RNA_COUNTER._MATRIX_COMPUTER.MAKE_SHARD.fork0 chunks running (0/2 completed)
2024-10-21 03:14:58 [runtime] (update)          ID.Female_Host_B.SC_RNA_COUNTER_CS.SC_MULTI_CORE.MULTI_GEM_WELL_PROCESSOR.COUNT_GEM_WELL_PROCESSOR._BASIC_SC_RNA_COUNTER._MATRIX_COMPUTER.MAKE_SHARD.fork0 chunks running (0/2 completed)
2024-10-21 03:20:57 [runtime] (update)          ID.Female_Host_B.SC_RNA_COUNTER_CS.SC_MULTI_CORE.MULTI_GEM_WELL_PROCESSOR.COUNT_GEM_WELL_PROCESSOR._BASIC_SC_RNA_COUNTER._MATRIX_COMPUTER.MAKE_SHARD.fork0 chunks running (0/2 completed)
2024-10-21 03:26:56 [runtime] (update)          ID.Female_Host_B.SC_RNA_COUNTER_CS.SC_MULTI_CORE.MULTI_GEM_WELL_PROCESSOR.COUNT_GEM_WELL_PROCESSOR._BASIC_SC_RNA_COUNTER._MATRIX_COMPUTER.MAKE_SHARD.fork0 chunks running (0/2 completed)
2024-10-21 03:32:58 [runtime] (update)          ID.Female_Host_B.SC_RNA_COUNTER_CS.SC_MULTI_CORE.MULTI_GEM_WELL_PROCESSOR.COUNT_GEM_WELL_PROCESSOR._BASIC_SC_RNA_COUNTER._MATRIX_COMPUTER.MAKE_SHARD.fork0 chunks running (0/2 completed)
2024-10-21 03:38:26 [runtime] (failed)          ID.Female_Host_B.SC_RNA_COUNTER_CS.SC_MULTI_CORE.MULTI_GEM_WELL_PROCESSOR.COUNT_GEM_WELL_PROCESSOR._BASIC_SC_RNA_COUNTER._MATRIX_COMPUTER.MAKE_SHARD

[error] Pipestance failed. Error log at:
Female_Host_B/SC_RNA_COUNTER_CS/SC_MULTI_CORE/MULTI_GEM_WELL_PROCESSOR/COUNT_GEM_WELL_PROCESSOR/_BASIC_SC_RNA_COUNTER/_MATRIX_COMPUTER/MAKE_SHARD/fork0/chnk1-uf4ce15f2c5/_errors

Log message:
There were no reads to process. Please check whether the read lengths in the input fastqs satisfy the minumum read length requirements for the chemistry.

Waiting 6 seconds for UI to do final refresh.
Pipestance failed. Use --noexit option to keep UI running after failure.

2024-10-21 03:38:32 Shutting down.
Saving pipestance info to "Female_Host_B/Female_Host_B.mri.tgz"
For assistance, upload this file to 10x Genomics by running:

cellranger upload <your_email> "Female_Host_B/Female_Host_B.mri.tgz"

Finished Female_Host_B


Martian Runtime - v4.0.12
Serving UI at http://HMM:40167?auth=PQBUE0uZhpP-Tne27Jk_OabBVxB7lIxSJz8psUDkK0Q

Running preflight checks (please wait)...
Checking sample info...
Checking FASTQ folder...
Checking reference...
Checking reference_path (/media/XLStorage/hbao2/SCRNA/Ref/FCA_6.31/FCA631_Cellranger801) on HMM...
Checking optional arguments...
mro: v4.0.12
mrp: v4.0.12
python: Python 3.10.8
numpy: 1.24.4
scipy: 1.10.1
pysam: 0.21.0
h5py: 3.9.0
pandas: 2.1.4
STAR: 2.7.2a
samtools: samtools 1.16.1
2024-10-21 03:38:38 [runtime] (ready)           ID.Male_Ctrl_B.SC_RNA_COUNTER_CS.SC_MULTI_CORE.MAKE_FULL_CONFIG._MAKE_VDJ_CONFIG
2024-10-21 03:38:38 [runtime] (run:local)       ID.Male_Ctrl_B.SC_RNA_COUNTER_CS.SC_MULTI_CORE.MAKE_FULL_CONFIG._MAKE_VDJ_CONFIG.fork0.chnk0.main
2024-10-21 03:38:38 [runtime] (ready)           ID.Male_Ctrl_B.SC_RNA_COUNTER_CS.SC_MULTI_CORE.MULTI_CHEMISTRY_DETECTOR.CHECK_SINGLE_BEAM_MODE
2024-10-21 03:38:38 [runtime] (ready)           ID.Male_Ctrl_B.SC_RNA_COUNTER_CS.WRITE_GENE_INDEX
2024-10-21 03:38:38 [runtime] (run:local)       ID.Male_Ctrl_B.SC_RNA_COUNTER_CS.WRITE_GENE_INDEX.fork0.chnk0.main
2024-10-21 03:38:38 [runtime] (ready)           ID.Male_Ctrl_B.SC_RNA_COUNTER_CS.FULL_COUNT_INPUTS.WRITE_GENE_INDEX
2024-10-21 03:38:38 [runtime] (run:local)       ID.Male_Ctrl_B.SC_RNA_COUNTER_CS.FULL_COUNT_INPUTS.WRITE_GENE_INDEX.fork0.chnk0.main
2024-10-21 03:38:38 [runtime] (ready)           ID.Male_Ctrl_B.SC_RNA_COUNTER_CS.SC_MULTI_CORE.MULTI_GEM_WELL_PROCESSOR.COUNT_GEM_WELL_PROCESSOR._BASIC_SC_RNA_COUNTER._MATRIX_COMPUTER.DISABLE_CORRECTION_FACTOR
2024-10-21 03:38:38 [runtime] (run:local)       ID.Male_Ctrl_B.SC_RNA_COUNTER_CS.SC_MULTI_CORE.MULTI_GEM_WELL_PROCESSOR.COUNT_GEM_WELL_PROCESSOR._BASIC_SC_RNA_COUNTER._MATRIX_COMPUTER.DISABLE_CORRECTION_FACTOR.fork0.chnk0.main
2024-10-21 03:38:38 [runtime] (ready)           ID.Male_Ctrl_B.SC_RNA_COUNTER_CS.SC_MULTI_CORE.SPLIT_VDJ_INPUTS
2024-10-21 03:38:38 [runtime] (ready)           ID.Male_Ctrl_B.SC_RNA_COUNTER_CS.SC_MULTI_CORE.COPY_VDJ_REFERENCE
2024-10-21 03:38:38 [runtime] (ready)           ID.Male_Ctrl_B.SC_RNA_COUNTER_CS.COPY_CHEMISTRY_SPEC
2024-10-21 03:38:38 [runtime] (run:local)       ID.Male_Ctrl_B.SC_RNA_COUNTER_CS.COPY_CHEMISTRY_SPEC.fork0.chnk0.main
2024-10-21 03:38:38 [runtime] (ready)           ID.Male_Ctrl_B.SC_RNA_COUNTER_CS.SC_MULTI_CORE.SANITIZE_MAP_CALLS
2024-10-21 03:38:39 [runtime] (chunks_complete) ID.Male_Ctrl_B.SC_RNA_COUNTER_CS.SC_MULTI_CORE.MAKE_FULL_CONFIG._MAKE_VDJ_CONFIG
2024-10-21 03:38:39 [runtime] (chunks_complete) ID.Male_Ctrl_B.SC_RNA_COUNTER_CS.COPY_CHEMISTRY_SPEC
2024-10-21 03:38:39 [runtime] (chunks_complete) ID.Male_Ctrl_B.SC_RNA_COUNTER_CS.SC_MULTI_CORE.MULTI_GEM_WELL_PROCESSOR.COUNT_GEM_WELL_PROCESSOR._BASIC_SC_RNA_COUNTER._MATRIX_COMPUTER.DISABLE_CORRECTION_FACTOR
2024-10-21 03:38:39 [runtime] (ready)           ID.Male_Ctrl_B.SC_RNA_COUNTER_CS.SC_MULTI_CORE.MULTI_GEM_WELL_PROCESSOR.VDJ_T_GEM_WELL_PROCESSOR.SETUP_VDJ_DEMUX
2024-10-21 03:38:39 [runtime] (ready)           ID.Male_Ctrl_B.SC_RNA_COUNTER_CS.SC_MULTI_CORE.MULTI_GEM_WELL_PROCESSOR.VDJ_T_GD_GEM_WELL_PROCESSOR.MULTI_SETUP_CHUNKS
2024-10-21 03:38:39 [runtime] (ready)           ID.Male_Ctrl_B.SC_RNA_COUNTER_CS.SC_MULTI_CORE.MULTI_GEM_WELL_PROCESSOR.VDJ_T_GEM_WELL_PROCESSOR.MULTI_SETUP_CHUNKS
2024-10-21 03:38:39 [runtime] (ready)           ID.Male_Ctrl_B.SC_RNA_COUNTER_CS.SC_MULTI_CORE.MULTI_GEM_WELL_PROCESSOR.VDJ_T_GD_GEM_WELL_PROCESSOR.SETUP_VDJ_DEMUX
2024-10-21 03:38:39 [runtime] (ready)           ID.Male_Ctrl_B.SC_RNA_COUNTER_CS.SC_MULTI_CORE.MULTI_GEM_WELL_PROCESSOR.VDJ_B_GEM_WELL_PROCESSOR.MULTI_SETUP_CHUNKS
2024-10-21 03:38:39 [runtime] (ready)           ID.Male_Ctrl_B.SC_RNA_COUNTER_CS.SC_MULTI_CORE.MULTI_GEM_WELL_PROCESSOR.VDJ_B_GEM_WELL_PROCESSOR.SETUP_VDJ_DEMUX
2024-10-21 03:38:39 [runtime] (ready)           ID.Male_Ctrl_B.SC_RNA_COUNTER_CS.SC_MULTI_CORE.MULTI_GEM_WELL_PROCESSOR.VDJ_T_GD_GEM_WELL_PROCESSOR.SC_VDJ_CONTIG_ASSEMBLER.MAKE_SHARD
2024-10-21 03:38:39 [runtime] (ready)           ID.Male_Ctrl_B.SC_RNA_COUNTER_CS.SC_MULTI_CORE.MULTI_GEM_WELL_PROCESSOR.COUNT_GEM_WELL_PROCESSOR._BASIC_SC_RNA_COUNTER._MATRIX_COMPUTER.COMPUTE_CORRECTION_FACTOR
2024-10-21 03:38:39 [runtime] (ready)           ID.Male_Ctrl_B.SC_RNA_COUNTER_CS.SC_MULTI_CORE.MULTI_CHEMISTRY_DETECTOR.DETECT_COUNT_CHEMISTRY
2024-10-21 03:38:39 [runtime] (run:local)       ID.Male_Ctrl_B.SC_RNA_COUNTER_CS.SC_MULTI_CORE.MULTI_CHEMISTRY_DETECTOR.DETECT_COUNT_CHEMISTRY.fork0.chnk0.main
2024-10-21 03:38:39 [runtime] (ready)           ID.Male_Ctrl_B.SC_RNA_COUNTER_CS.SC_MULTI_CORE.MULTI_GEM_WELL_PROCESSOR.VDJ_T_GEM_WELL_PROCESSOR.SC_VDJ_CONTIG_ASSEMBLER.MAKE_SHARD
2024-10-21 03:38:39 [runtime] (ready)           ID.Male_Ctrl_B.SC_RNA_COUNTER_CS.SC_MULTI_CORE.MULTI_GEM_WELL_PROCESSOR.VDJ_T_GD_GEM_WELL_PROCESSOR.SC_VDJ_CONTIG_ASSEMBLER.BARCODE_CORRECTION
2024-10-21 03:38:39 [runtime] (ready)           ID.Male_Ctrl_B.SC_RNA_COUNTER_CS.SC_MULTI_CORE.MULTI_GEM_WELL_PROCESSOR.VDJ_B_GEM_WELL_PROCESSOR.SC_VDJ_CONTIG_ASSEMBLER.MAKE_SHARD
2024-10-21 03:38:39 [runtime] (ready)           ID.Male_Ctrl_B.SC_RNA_COUNTER_CS.SC_MULTI_CORE.MULTI_GEM_WELL_PROCESSOR.VDJ_T_GEM_WELL_PROCESSOR.SC_VDJ_CONTIG_ASSEMBLER.BARCODE_CORRECTION
2024-10-21 03:38:39 [runtime] (ready)           ID.Male_Ctrl_B.SC_RNA_COUNTER_CS.SC_MULTI_CORE.MULTI_GEM_WELL_PROCESSOR.VDJ_B_GEM_WELL_PROCESSOR.SC_VDJ_CONTIG_ASSEMBLER.BARCODE_CORRECTION
2024-10-21 03:38:39 [runtime] (ready)           ID.Male_Ctrl_B.SC_RNA_COUNTER_CS.SC_MULTI_CORE.MULTI_GEM_WELL_PROCESSOR.VDJ_T_GD_GEM_WELL_PROCESSOR.SC_VDJ_CONTIG_ASSEMBLER.RUST_BRIDGE
2024-10-21 03:38:39 [runtime] (ready)           ID.Male_Ctrl_B.SC_RNA_COUNTER_CS.SC_MULTI_CORE.MULTI_GEM_WELL_PROCESSOR.VDJ_T_GEM_WELL_PROCESSOR.SC_VDJ_CONTIG_ASSEMBLER.RUST_BRIDGE
2024-10-21 03:38:39 [runtime] (ready)           ID.Male_Ctrl_B.SC_RNA_COUNTER_CS.SC_MULTI_CORE.MULTI_GEM_WELL_PROCESSOR.VDJ_B_GEM_WELL_PROCESSOR.SC_VDJ_CONTIG_ASSEMBLER.RUST_BRIDGE
2024-10-21 03:38:39 [runtime] (ready)           ID.Male_Ctrl_B.SC_RNA_COUNTER_CS.SC_MULTI_CORE.MULTI_GEM_WELL_PROCESSOR.VDJ_T_GD_GEM_WELL_PROCESSOR.SC_VDJ_CONTIG_ASSEMBLER.ASSEMBLE_VDJ
2024-10-21 03:38:39 [runtime] (ready)           ID.Male_Ctrl_B.SC_RNA_COUNTER_CS.SC_MULTI_CORE.MULTI_GEM_WELL_PROCESSOR.VDJ_T_GEM_WELL_PROCESSOR.SC_VDJ_CONTIG_ASSEMBLER.ASSEMBLE_VDJ
2024-10-21 03:38:39 [runtime] (ready)           ID.Male_Ctrl_B.SC_RNA_COUNTER_CS.SC_MULTI_CORE.MULTI_GEM_WELL_PROCESSOR.VDJ_B_GEM_WELL_PROCESSOR.SC_VDJ_CONTIG_ASSEMBLER.ASSEMBLE_VDJ
2024-10-21 03:38:39 [runtime] (ready)           ID.Male_Ctrl_B.SC_RNA_COUNTER_CS.SC_MULTI_CORE.MULTI_GEM_WELL_PROCESSOR.VDJ_T_GEM_WELL_PROCESSOR.SC_VDJ_CONTIG_ASSEMBLER.MERGE_METRICS
2024-10-21 03:38:39 [runtime] (ready)           ID.Male_Ctrl_B.SC_RNA_COUNTER_CS.SC_MULTI_CORE.MULTI_GEM_WELL_PROCESSOR.VDJ_T_GD_GEM_WELL_PROCESSOR.SC_VDJ_CONTIG_ASSEMBLER.MERGE_METRICS
2024-10-21 03:38:39 [runtime] (ready)           ID.Male_Ctrl_B.SC_RNA_COUNTER_CS.SC_MULTI_CORE.MULTI_GEM_WELL_PROCESSOR.VDJ_B_GEM_WELL_PROCESSOR.SC_VDJ_CONTIG_ASSEMBLER.MERGE_METRICS
2024-10-21 03:38:41 [runtime] (chunks_complete) ID.Male_Ctrl_B.SC_RNA_COUNTER_CS.FULL_COUNT_INPUTS.WRITE_GENE_INDEX
2024-10-21 03:38:41 [runtime] (ready)           ID.Male_Ctrl_B.SC_RNA_COUNTER_CS.SC_MULTI_CORE.MULTI_GEM_WELL_PROCESSOR.COUNT_GEM_WELL_PROCESSOR.PARSE_TARGET_FEATURES
2024-10-21 03:38:41 [runtime] (run:local)       ID.Male_Ctrl_B.SC_RNA_COUNTER_CS.SC_MULTI_CORE.MULTI_GEM_WELL_PROCESSOR.COUNT_GEM_WELL_PROCESSOR.PARSE_TARGET_FEATURES.fork0.chnk0.main
2024-10-21 03:38:41 [runtime] (chunks_complete) ID.Male_Ctrl_B.SC_RNA_COUNTER_CS.WRITE_GENE_INDEX
2024-10-21 03:38:41 [runtime] (chunks_complete) ID.Male_Ctrl_B.SC_RNA_COUNTER_CS.SC_MULTI_CORE.MULTI_GEM_WELL_PROCESSOR.COUNT_GEM_WELL_PROCESSOR.PARSE_TARGET_FEATURES
2024-10-21 03:38:46 [runtime] (chunks_complete) ID.Male_Ctrl_B.SC_RNA_COUNTER_CS.SC_MULTI_CORE.MULTI_CHEMISTRY_DETECTOR.DETECT_COUNT_CHEMISTRY
2024-10-21 03:38:46 [runtime] (ready)           ID.Male_Ctrl_B.SC_RNA_COUNTER_CS.SC_MULTI_CORE.MULTI_GEM_WELL_PROCESSOR.COUNT_GEM_WELL_PROCESSOR.MULTI_SETUP_CHUNKS
2024-10-21 03:38:46 [runtime] (run:local)       ID.Male_Ctrl_B.SC_RNA_COUNTER_CS.SC_MULTI_CORE.MULTI_GEM_WELL_PROCESSOR.COUNT_GEM_WELL_PROCESSOR.MULTI_SETUP_CHUNKS.fork0.chnk0.main
2024-10-21 03:38:46 [runtime] (ready)           ID.Male_Ctrl_B.SC_RNA_COUNTER_CS.SC_MULTI_CORE.MULTI_GEM_WELL_PROCESSOR.MAKE_VDJ_FILTER_SWITCH
2024-10-21 03:38:46 [runtime] (run:local)       ID.Male_Ctrl_B.SC_RNA_COUNTER_CS.SC_MULTI_CORE.MULTI_GEM_WELL_PROCESSOR.MAKE_VDJ_FILTER_SWITCH.fork0.chnk0.main
2024-10-21 03:38:46 [runtime] (ready)           ID.Male_Ctrl_B.SC_RNA_COUNTER_CS.SC_MULTI_CORE.CREATE_MULTI_GRAPH
2024-10-21 03:38:46 [runtime] (ready)           ID.Male_Ctrl_B.SC_RNA_COUNTER_CS.SC_MULTI_CORE.MULTI_CHEMISTRY_DETECTOR.CHECK_BARCODES_COMPATIBILITY
2024-10-21 03:38:46 [runtime] (run:local)       ID.Male_Ctrl_B.SC_RNA_COUNTER_CS.SC_MULTI_CORE.MULTI_CHEMISTRY_DETECTOR.CHECK_BARCODES_COMPATIBILITY.fork0.chnk0.main
2024-10-21 03:38:46 [runtime] (chunks_complete) ID.Male_Ctrl_B.SC_RNA_COUNTER_CS.SC_MULTI_CORE.MULTI_CHEMISTRY_DETECTOR.CHECK_BARCODES_COMPATIBILITY
2024-10-21 03:38:46 [runtime] (chunks_complete) ID.Male_Ctrl_B.SC_RNA_COUNTER_CS.SC_MULTI_CORE.MULTI_GEM_WELL_PROCESSOR.COUNT_GEM_WELL_PROCESSOR.MULTI_SETUP_CHUNKS
2024-10-21 03:38:46 [runtime] (ready)           ID.Male_Ctrl_B.SC_RNA_COUNTER_CS.SC_MULTI_CORE.MULTI_GEM_WELL_PROCESSOR.COUNT_GEM_WELL_PROCESSOR._BASIC_SC_RNA_COUNTER._MATRIX_COMPUTER.MAKE_SHARD
2024-10-21 03:38:46 [runtime] (run:local)       ID.Male_Ctrl_B.SC_RNA_COUNTER_CS.SC_MULTI_CORE.MULTI_GEM_WELL_PROCESSOR.COUNT_GEM_WELL_PROCESSOR._BASIC_SC_RNA_COUNTER._MATRIX_COMPUTER.MAKE_SHARD.fork0.split
2024-10-21 03:38:47 [runtime] (chunks_complete) ID.Male_Ctrl_B.SC_RNA_COUNTER_CS.SC_MULTI_CORE.MULTI_GEM_WELL_PROCESSOR.MAKE_VDJ_FILTER_SWITCH
2024-10-21 03:38:47 [runtime] (split_complete)  ID.Male_Ctrl_B.SC_RNA_COUNTER_CS.SC_MULTI_CORE.MULTI_GEM_WELL_PROCESSOR.COUNT_GEM_WELL_PROCESSOR._BASIC_SC_RNA_COUNTER._MATRIX_COMPUTER.MAKE_SHARD
2024-10-21 03:38:47 [runtime] (run:local)       ID.Male_Ctrl_B.SC_RNA_COUNTER_CS.SC_MULTI_CORE.MULTI_GEM_WELL_PROCESSOR.COUNT_GEM_WELL_PROCESSOR._BASIC_SC_RNA_COUNTER._MATRIX_COMPUTER.MAKE_SHARD.fork0.chnk0.main
2024-10-21 03:38:47 [runtime] (run:local)       ID.Male_Ctrl_B.SC_RNA_COUNTER_CS.SC_MULTI_CORE.MULTI_GEM_WELL_PROCESSOR.COUNT_GEM_WELL_PROCESSOR._BASIC_SC_RNA_COUNTER._MATRIX_COMPUTER.MAKE_SHARD.fork0.chnk1.main
2024-10-21 03:44:49 [runtime] (update)          ID.Male_Ctrl_B.SC_RNA_COUNTER_CS.SC_MULTI_CORE.MULTI_GEM_WELL_PROCESSOR.COUNT_GEM_WELL_PROCESSOR._BASIC_SC_RNA_COUNTER._MATRIX_COMPUTER.MAKE_SHARD.fork0 chunks running (0/2 completed)
2024-10-21 03:50:48 [runtime] (update)          ID.Male_Ctrl_B.SC_RNA_COUNTER_CS.SC_MULTI_CORE.MULTI_GEM_WELL_PROCESSOR.COUNT_GEM_WELL_PROCESSOR._BASIC_SC_RNA_COUNTER._MATRIX_COMPUTER.MAKE_SHARD.fork0 chunks running (0/2 completed)
2024-10-21 03:56:50 [runtime] (update)          ID.Male_Ctrl_B.SC_RNA_COUNTER_CS.SC_MULTI_CORE.MULTI_GEM_WELL_PROCESSOR.COUNT_GEM_WELL_PROCESSOR._BASIC_SC_RNA_COUNTER._MATRIX_COMPUTER.MAKE_SHARD.fork0 chunks running (0/2 completed)
2024-10-21 04:02:49 [runtime] (update)          ID.Male_Ctrl_B.SC_RNA_COUNTER_CS.SC_MULTI_CORE.MULTI_GEM_WELL_PROCESSOR.COUNT_GEM_WELL_PROCESSOR._BASIC_SC_RNA_COUNTER._MATRIX_COMPUTER.MAKE_SHARD.fork0 chunks running (0/2 completed)
2024-10-21 04:08:51 [runtime] (update)          ID.Male_Ctrl_B.SC_RNA_COUNTER_CS.SC_MULTI_CORE.MULTI_GEM_WELL_PROCESSOR.COUNT_GEM_WELL_PROCESSOR._BASIC_SC_RNA_COUNTER._MATRIX_COMPUTER.MAKE_SHARD.fork0 chunks running (0/2 completed)
2024-10-21 04:14:50 [runtime] (update)          ID.Male_Ctrl_B.SC_RNA_COUNTER_CS.SC_MULTI_CORE.MULTI_GEM_WELL_PROCESSOR.COUNT_GEM_WELL_PROCESSOR._BASIC_SC_RNA_COUNTER._MATRIX_COMPUTER.MAKE_SHARD.fork0 chunks running (0/2 completed)
2024-10-21 04:20:49 [runtime] (update)          ID.Male_Ctrl_B.SC_RNA_COUNTER_CS.SC_MULTI_CORE.MULTI_GEM_WELL_PROCESSOR.COUNT_GEM_WELL_PROCESSOR._BASIC_SC_RNA_COUNTER._MATRIX_COMPUTER.MAKE_SHARD.fork0 chunks running (0/2 completed)
2024-10-21 04:26:51 [runtime] (update)          ID.Male_Ctrl_B.SC_RNA_COUNTER_CS.SC_MULTI_CORE.MULTI_GEM_WELL_PROCESSOR.COUNT_GEM_WELL_PROCESSOR._BASIC_SC_RNA_COUNTER._MATRIX_COMPUTER.MAKE_SHARD.fork0 chunks running (0/2 completed)
2024-10-21 04:32:50 [runtime] (update)          ID.Male_Ctrl_B.SC_RNA_COUNTER_CS.SC_MULTI_CORE.MULTI_GEM_WELL_PROCESSOR.COUNT_GEM_WELL_PROCESSOR._BASIC_SC_RNA_COUNTER._MATRIX_COMPUTER.MAKE_SHARD.fork0 chunks running (0/2 completed)
2024-10-21 04:38:49 [runtime] (update)          ID.Male_Ctrl_B.SC_RNA_COUNTER_CS.SC_MULTI_CORE.MULTI_GEM_WELL_PROCESSOR.COUNT_GEM_WELL_PROCESSOR._BASIC_SC_RNA_COUNTER._MATRIX_COMPUTER.MAKE_SHARD.fork0 chunks running (0/2 completed)
2024-10-21 04:44:51 [runtime] (update)          ID.Male_Ctrl_B.SC_RNA_COUNTER_CS.SC_MULTI_CORE.MULTI_GEM_WELL_PROCESSOR.COUNT_GEM_WELL_PROCESSOR._BASIC_SC_RNA_COUNTER._MATRIX_COMPUTER.MAKE_SHARD.fork0 chunks running (0/2 completed)
2024-10-21 04:50:50 [runtime] (update)          ID.Male_Ctrl_B.SC_RNA_COUNTER_CS.SC_MULTI_CORE.MULTI_GEM_WELL_PROCESSOR.COUNT_GEM_WELL_PROCESSOR._BASIC_SC_RNA_COUNTER._MATRIX_COMPUTER.MAKE_SHARD.fork0 chunks running (0/2 completed)
2024-10-21 04:56:52 [runtime] (update)          ID.Male_Ctrl_B.SC_RNA_COUNTER_CS.SC_MULTI_CORE.MULTI_GEM_WELL_PROCESSOR.COUNT_GEM_WELL_PROCESSOR._BASIC_SC_RNA_COUNTER._MATRIX_COMPUTER.MAKE_SHARD.fork0 chunks running (0/2 completed)
2024-10-21 05:02:51 [runtime] (update)          ID.Male_Ctrl_B.SC_RNA_COUNTER_CS.SC_MULTI_CORE.MULTI_GEM_WELL_PROCESSOR.COUNT_GEM_WELL_PROCESSOR._BASIC_SC_RNA_COUNTER._MATRIX_COMPUTER.MAKE_SHARD.fork0 chunks running (0/2 completed)
2024-10-21 05:08:50 [runtime] (update)          ID.Male_Ctrl_B.SC_RNA_COUNTER_CS.SC_MULTI_CORE.MULTI_GEM_WELL_PROCESSOR.COUNT_GEM_WELL_PROCESSOR._BASIC_SC_RNA_COUNTER._MATRIX_COMPUTER.MAKE_SHARD.fork0 chunks running (0/2 completed)
2024-10-21 05:14:52 [runtime] (update)          ID.Male_Ctrl_B.SC_RNA_COUNTER_CS.SC_MULTI_CORE.MULTI_GEM_WELL_PROCESSOR.COUNT_GEM_WELL_PROCESSOR._BASIC_SC_RNA_COUNTER._MATRIX_COMPUTER.MAKE_SHARD.fork0 chunks running (0/2 completed)
2024-10-21 05:20:51 [runtime] (update)          ID.Male_Ctrl_B.SC_RNA_COUNTER_CS.SC_MULTI_CORE.MULTI_GEM_WELL_PROCESSOR.COUNT_GEM_WELL_PROCESSOR._BASIC_SC_RNA_COUNTER._MATRIX_COMPUTER.MAKE_SHARD.fork0 chunks running (0/2 completed)
2024-10-21 05:26:50 [runtime] (update)          ID.Male_Ctrl_B.SC_RNA_COUNTER_CS.SC_MULTI_CORE.MULTI_GEM_WELL_PROCESSOR.COUNT_GEM_WELL_PROCESSOR._BASIC_SC_RNA_COUNTER._MATRIX_COMPUTER.MAKE_SHARD.fork0 chunks running (0/2 completed)
2024-10-21 05:32:52 [runtime] (update)          ID.Male_Ctrl_B.SC_RNA_COUNTER_CS.SC_MULTI_CORE.MULTI_GEM_WELL_PROCESSOR.COUNT_GEM_WELL_PROCESSOR._BASIC_SC_RNA_COUNTER._MATRIX_COMPUTER.MAKE_SHARD.fork0 chunks running (0/2 completed)
2024-10-21 05:38:51 [runtime] (update)          ID.Male_Ctrl_B.SC_RNA_COUNTER_CS.SC_MULTI_CORE.MULTI_GEM_WELL_PROCESSOR.COUNT_GEM_WELL_PROCESSOR._BASIC_SC_RNA_COUNTER._MATRIX_COMPUTER.MAKE_SHARD.fork0 chunks running (0/2 completed)
2024-10-21 05:44:53 [runtime] (update)          ID.Male_Ctrl_B.SC_RNA_COUNTER_CS.SC_MULTI_CORE.MULTI_GEM_WELL_PROCESSOR.COUNT_GEM_WELL_PROCESSOR._BASIC_SC_RNA_COUNTER._MATRIX_COMPUTER.MAKE_SHARD.fork0 chunks running (0/2 completed)
2024-10-21 05:50:52 [runtime] (update)          ID.Male_Ctrl_B.SC_RNA_COUNTER_CS.SC_MULTI_CORE.MULTI_GEM_WELL_PROCESSOR.COUNT_GEM_WELL_PROCESSOR._BASIC_SC_RNA_COUNTER._MATRIX_COMPUTER.MAKE_SHARD.fork0 chunks running (0/2 completed)
2024-10-21 05:51:30 [runtime] (failed)          ID.Male_Ctrl_B.SC_RNA_COUNTER_CS.SC_MULTI_CORE.MULTI_GEM_WELL_PROCESSOR.COUNT_GEM_WELL_PROCESSOR._BASIC_SC_RNA_COUNTER._MATRIX_COMPUTER.MAKE_SHARD

[error] Pipestance failed. Error log at:
Male_Ctrl_B/SC_RNA_COUNTER_CS/SC_MULTI_CORE/MULTI_GEM_WELL_PROCESSOR/COUNT_GEM_WELL_PROCESSOR/_BASIC_SC_RNA_COUNTER/_MATRIX_COMPUTER/MAKE_SHARD/fork0/chnk1-uf763161317/_errors

Log message:
There were no reads to process. Please check whether the read lengths in the input fastqs satisfy the minumum read length requirements for the chemistry.

Waiting 6 seconds for UI to do final refresh.
Pipestance failed. Use --noexit option to keep UI running after failure.

2024-10-21 05:51:36 Shutting down.
Saving pipestance info to "Male_Ctrl_B/Male_Ctrl_B.mri.tgz"
For assistance, upload this file to 10x Genomics by running:

cellranger upload <your_email> "Male_Ctrl_B/Male_Ctrl_B.mri.tgz"

Finished Male_Ctrl_B


Martian Runtime - v4.0.12
Serving UI at http://HMM:33907?auth=k6v67a4lAZWkYY3nL_eY7P5bXz0aOhej1izK2G-aaKQ

Running preflight checks (please wait)...
Checking sample info...
Checking FASTQ folder...
Checking reference...
Checking reference_path (/media/XLStorage/hbao2/SCRNA/Ref/FCA_6.31/FCA631_Cellranger801) on HMM...
Checking optional arguments...
mro: v4.0.12
mrp: v4.0.12
python: Python 3.10.8
numpy: 1.24.4
scipy: 1.10.1
pysam: 0.21.0
h5py: 3.9.0
pandas: 2.1.4
STAR: 2.7.2a
samtools: samtools 1.16.1
2024-10-21 05:51:39 [runtime] (ready)           ID.Male_Host_B.SC_RNA_COUNTER_CS.SC_MULTI_CORE.COPY_VDJ_REFERENCE
2024-10-21 05:51:39 [runtime] (ready)           ID.Male_Host_B.SC_RNA_COUNTER_CS.COPY_CHEMISTRY_SPEC
2024-10-21 05:51:39 [runtime] (run:local)       ID.Male_Host_B.SC_RNA_COUNTER_CS.COPY_CHEMISTRY_SPEC.fork0.chnk0.main
2024-10-21 05:51:39 [runtime] (ready)           ID.Male_Host_B.SC_RNA_COUNTER_CS.SC_MULTI_CORE.SANITIZE_MAP_CALLS
2024-10-21 05:51:39 [runtime] (ready)           ID.Male_Host_B.SC_RNA_COUNTER_CS.SC_MULTI_CORE.MAKE_FULL_CONFIG._MAKE_VDJ_CONFIG
2024-10-21 05:51:39 [runtime] (run:local)       ID.Male_Host_B.SC_RNA_COUNTER_CS.SC_MULTI_CORE.MAKE_FULL_CONFIG._MAKE_VDJ_CONFIG.fork0.chnk0.main
2024-10-21 05:51:39 [runtime] (ready)           ID.Male_Host_B.SC_RNA_COUNTER_CS.SC_MULTI_CORE.MULTI_GEM_WELL_PROCESSOR.COUNT_GEM_WELL_PROCESSOR._BASIC_SC_RNA_COUNTER._MATRIX_COMPUTER.DISABLE_CORRECTION_FACTOR
2024-10-21 05:51:39 [runtime] (run:local)       ID.Male_Host_B.SC_RNA_COUNTER_CS.SC_MULTI_CORE.MULTI_GEM_WELL_PROCESSOR.COUNT_GEM_WELL_PROCESSOR._BASIC_SC_RNA_COUNTER._MATRIX_COMPUTER.DISABLE_CORRECTION_FACTOR.fork0.chnk0.main
2024-10-21 05:51:39 [runtime] (ready)           ID.Male_Host_B.SC_RNA_COUNTER_CS.SC_MULTI_CORE.SPLIT_VDJ_INPUTS
2024-10-21 05:51:39 [runtime] (ready)           ID.Male_Host_B.SC_RNA_COUNTER_CS.SC_MULTI_CORE.MULTI_CHEMISTRY_DETECTOR.CHECK_SINGLE_BEAM_MODE
2024-10-21 05:51:39 [runtime] (ready)           ID.Male_Host_B.SC_RNA_COUNTER_CS.FULL_COUNT_INPUTS.WRITE_GENE_INDEX
2024-10-21 05:51:39 [runtime] (run:local)       ID.Male_Host_B.SC_RNA_COUNTER_CS.FULL_COUNT_INPUTS.WRITE_GENE_INDEX.fork0.chnk0.main
2024-10-21 05:51:39 [runtime] (ready)           ID.Male_Host_B.SC_RNA_COUNTER_CS.WRITE_GENE_INDEX
2024-10-21 05:51:39 [runtime] (run:local)       ID.Male_Host_B.SC_RNA_COUNTER_CS.WRITE_GENE_INDEX.fork0.chnk0.main
2024-10-21 05:51:39 [runtime] (chunks_complete) ID.Male_Host_B.SC_RNA_COUNTER_CS.COPY_CHEMISTRY_SPEC
2024-10-21 05:51:39 [runtime] (chunks_complete) ID.Male_Host_B.SC_RNA_COUNTER_CS.SC_MULTI_CORE.MAKE_FULL_CONFIG._MAKE_VDJ_CONFIG
2024-10-21 05:51:39 [runtime] (ready)           ID.Male_Host_B.SC_RNA_COUNTER_CS.SC_MULTI_CORE.MULTI_GEM_WELL_PROCESSOR.VDJ_T_GEM_WELL_PROCESSOR.SETUP_VDJ_DEMUX
2024-10-21 05:51:39 [runtime] (ready)           ID.Male_Host_B.SC_RNA_COUNTER_CS.SC_MULTI_CORE.MULTI_CHEMISTRY_DETECTOR.DETECT_COUNT_CHEMISTRY
2024-10-21 05:51:39 [runtime] (run:local)       ID.Male_Host_B.SC_RNA_COUNTER_CS.SC_MULTI_CORE.MULTI_CHEMISTRY_DETECTOR.DETECT_COUNT_CHEMISTRY.fork0.chnk0.main
2024-10-21 05:51:39 [runtime] (ready)           ID.Male_Host_B.SC_RNA_COUNTER_CS.SC_MULTI_CORE.MULTI_GEM_WELL_PROCESSOR.VDJ_T_GEM_WELL_PROCESSOR.MULTI_SETUP_CHUNKS
2024-10-21 05:51:39 [runtime] (ready)           ID.Male_Host_B.SC_RNA_COUNTER_CS.SC_MULTI_CORE.MULTI_GEM_WELL_PROCESSOR.VDJ_B_GEM_WELL_PROCESSOR.SETUP_VDJ_DEMUX
2024-10-21 05:51:39 [runtime] (ready)           ID.Male_Host_B.SC_RNA_COUNTER_CS.SC_MULTI_CORE.MULTI_GEM_WELL_PROCESSOR.VDJ_B_GEM_WELL_PROCESSOR.MULTI_SETUP_CHUNKS
2024-10-21 05:51:39 [runtime] (chunks_complete) ID.Male_Host_B.SC_RNA_COUNTER_CS.SC_MULTI_CORE.MULTI_GEM_WELL_PROCESSOR.COUNT_GEM_WELL_PROCESSOR._BASIC_SC_RNA_COUNTER._MATRIX_COMPUTER.DISABLE_CORRECTION_FACTOR
2024-10-21 05:51:39 [runtime] (ready)           ID.Male_Host_B.SC_RNA_COUNTER_CS.SC_MULTI_CORE.MULTI_GEM_WELL_PROCESSOR.VDJ_T_GD_GEM_WELL_PROCESSOR.SETUP_VDJ_DEMUX
2024-10-21 05:51:39 [runtime] (ready)           ID.Male_Host_B.SC_RNA_COUNTER_CS.SC_MULTI_CORE.MULTI_GEM_WELL_PROCESSOR.VDJ_T_GD_GEM_WELL_PROCESSOR.MULTI_SETUP_CHUNKS
2024-10-21 05:51:39 [runtime] (ready)           ID.Male_Host_B.SC_RNA_COUNTER_CS.SC_MULTI_CORE.MULTI_GEM_WELL_PROCESSOR.VDJ_T_GEM_WELL_PROCESSOR.SC_VDJ_CONTIG_ASSEMBLER.MAKE_SHARD
2024-10-21 05:51:39 [runtime] (ready)           ID.Male_Host_B.SC_RNA_COUNTER_CS.SC_MULTI_CORE.MULTI_GEM_WELL_PROCESSOR.COUNT_GEM_WELL_PROCESSOR._BASIC_SC_RNA_COUNTER._MATRIX_COMPUTER.COMPUTE_CORRECTION_FACTOR
2024-10-21 05:51:39 [runtime] (ready)           ID.Male_Host_B.SC_RNA_COUNTER_CS.SC_MULTI_CORE.MULTI_GEM_WELL_PROCESSOR.VDJ_B_GEM_WELL_PROCESSOR.SC_VDJ_CONTIG_ASSEMBLER.MAKE_SHARD
2024-10-21 05:51:39 [runtime] (ready)           ID.Male_Host_B.SC_RNA_COUNTER_CS.SC_MULTI_CORE.MULTI_GEM_WELL_PROCESSOR.VDJ_T_GD_GEM_WELL_PROCESSOR.SC_VDJ_CONTIG_ASSEMBLER.MAKE_SHARD
2024-10-21 05:51:39 [runtime] (ready)           ID.Male_Host_B.SC_RNA_COUNTER_CS.SC_MULTI_CORE.MULTI_GEM_WELL_PROCESSOR.VDJ_T_GEM_WELL_PROCESSOR.SC_VDJ_CONTIG_ASSEMBLER.BARCODE_CORRECTION
2024-10-21 05:51:39 [runtime] (ready)           ID.Male_Host_B.SC_RNA_COUNTER_CS.SC_MULTI_CORE.MULTI_GEM_WELL_PROCESSOR.VDJ_B_GEM_WELL_PROCESSOR.SC_VDJ_CONTIG_ASSEMBLER.BARCODE_CORRECTION
2024-10-21 05:51:39 [runtime] (ready)           ID.Male_Host_B.SC_RNA_COUNTER_CS.SC_MULTI_CORE.MULTI_GEM_WELL_PROCESSOR.VDJ_T_GD_GEM_WELL_PROCESSOR.SC_VDJ_CONTIG_ASSEMBLER.BARCODE_CORRECTION
2024-10-21 05:51:39 [runtime] (ready)           ID.Male_Host_B.SC_RNA_COUNTER_CS.SC_MULTI_CORE.MULTI_GEM_WELL_PROCESSOR.VDJ_T_GD_GEM_WELL_PROCESSOR.SC_VDJ_CONTIG_ASSEMBLER.RUST_BRIDGE
2024-10-21 05:51:39 [runtime] (ready)           ID.Male_Host_B.SC_RNA_COUNTER_CS.SC_MULTI_CORE.MULTI_GEM_WELL_PROCESSOR.VDJ_T_GEM_WELL_PROCESSOR.SC_VDJ_CONTIG_ASSEMBLER.RUST_BRIDGE
2024-10-21 05:51:39 [runtime] (ready)           ID.Male_Host_B.SC_RNA_COUNTER_CS.SC_MULTI_CORE.MULTI_GEM_WELL_PROCESSOR.VDJ_B_GEM_WELL_PROCESSOR.SC_VDJ_CONTIG_ASSEMBLER.RUST_BRIDGE
2024-10-21 05:51:39 [runtime] (ready)           ID.Male_Host_B.SC_RNA_COUNTER_CS.SC_MULTI_CORE.MULTI_GEM_WELL_PROCESSOR.VDJ_T_GD_GEM_WELL_PROCESSOR.SC_VDJ_CONTIG_ASSEMBLER.ASSEMBLE_VDJ
2024-10-21 05:51:39 [runtime] (ready)           ID.Male_Host_B.SC_RNA_COUNTER_CS.SC_MULTI_CORE.MULTI_GEM_WELL_PROCESSOR.VDJ_T_GEM_WELL_PROCESSOR.SC_VDJ_CONTIG_ASSEMBLER.ASSEMBLE_VDJ
2024-10-21 05:51:39 [runtime] (ready)           ID.Male_Host_B.SC_RNA_COUNTER_CS.SC_MULTI_CORE.MULTI_GEM_WELL_PROCESSOR.VDJ_B_GEM_WELL_PROCESSOR.SC_VDJ_CONTIG_ASSEMBLER.ASSEMBLE_VDJ
2024-10-21 05:51:39 [runtime] (ready)           ID.Male_Host_B.SC_RNA_COUNTER_CS.SC_MULTI_CORE.MULTI_GEM_WELL_PROCESSOR.VDJ_T_GD_GEM_WELL_PROCESSOR.SC_VDJ_CONTIG_ASSEMBLER.MERGE_METRICS
2024-10-21 05:51:39 [runtime] (ready)           ID.Male_Host_B.SC_RNA_COUNTER_CS.SC_MULTI_CORE.MULTI_GEM_WELL_PROCESSOR.VDJ_B_GEM_WELL_PROCESSOR.SC_VDJ_CONTIG_ASSEMBLER.MERGE_METRICS
2024-10-21 05:51:39 [runtime] (ready)           ID.Male_Host_B.SC_RNA_COUNTER_CS.SC_MULTI_CORE.MULTI_GEM_WELL_PROCESSOR.VDJ_T_GEM_WELL_PROCESSOR.SC_VDJ_CONTIG_ASSEMBLER.MERGE_METRICS
2024-10-21 05:51:41 [runtime] (chunks_complete) ID.Male_Host_B.SC_RNA_COUNTER_CS.FULL_COUNT_INPUTS.WRITE_GENE_INDEX
2024-10-21 05:51:41 [runtime] (chunks_complete) ID.Male_Host_B.SC_RNA_COUNTER_CS.WRITE_GENE_INDEX
2024-10-21 05:51:41 [runtime] (ready)           ID.Male_Host_B.SC_RNA_COUNTER_CS.SC_MULTI_CORE.MULTI_GEM_WELL_PROCESSOR.COUNT_GEM_WELL_PROCESSOR.PARSE_TARGET_FEATURES
2024-10-21 05:51:41 [runtime] (run:local)       ID.Male_Host_B.SC_RNA_COUNTER_CS.SC_MULTI_CORE.MULTI_GEM_WELL_PROCESSOR.COUNT_GEM_WELL_PROCESSOR.PARSE_TARGET_FEATURES.fork0.chnk0.main
2024-10-21 05:51:42 [runtime] (chunks_complete) ID.Male_Host_B.SC_RNA_COUNTER_CS.SC_MULTI_CORE.MULTI_GEM_WELL_PROCESSOR.COUNT_GEM_WELL_PROCESSOR.PARSE_TARGET_FEATURES
2024-10-21 05:51:46 [runtime] (chunks_complete) ID.Male_Host_B.SC_RNA_COUNTER_CS.SC_MULTI_CORE.MULTI_CHEMISTRY_DETECTOR.DETECT_COUNT_CHEMISTRY
2024-10-21 05:51:46 [runtime] (ready)           ID.Male_Host_B.SC_RNA_COUNTER_CS.SC_MULTI_CORE.MULTI_GEM_WELL_PROCESSOR.MAKE_VDJ_FILTER_SWITCH
2024-10-21 05:51:46 [runtime] (run:local)       ID.Male_Host_B.SC_RNA_COUNTER_CS.SC_MULTI_CORE.MULTI_GEM_WELL_PROCESSOR.MAKE_VDJ_FILTER_SWITCH.fork0.chnk0.main
2024-10-21 05:51:46 [runtime] (ready)           ID.Male_Host_B.SC_RNA_COUNTER_CS.SC_MULTI_CORE.MULTI_CHEMISTRY_DETECTOR.CHECK_BARCODES_COMPATIBILITY
2024-10-21 05:51:46 [runtime] (run:local)       ID.Male_Host_B.SC_RNA_COUNTER_CS.SC_MULTI_CORE.MULTI_CHEMISTRY_DETECTOR.CHECK_BARCODES_COMPATIBILITY.fork0.chnk0.main
2024-10-21 05:51:46 [runtime] (ready)           ID.Male_Host_B.SC_RNA_COUNTER_CS.SC_MULTI_CORE.MULTI_GEM_WELL_PROCESSOR.COUNT_GEM_WELL_PROCESSOR.MULTI_SETUP_CHUNKS
2024-10-21 05:51:46 [runtime] (run:local)       ID.Male_Host_B.SC_RNA_COUNTER_CS.SC_MULTI_CORE.MULTI_GEM_WELL_PROCESSOR.COUNT_GEM_WELL_PROCESSOR.MULTI_SETUP_CHUNKS.fork0.chnk0.main
2024-10-21 05:51:46 [runtime] (ready)           ID.Male_Host_B.SC_RNA_COUNTER_CS.SC_MULTI_CORE.CREATE_MULTI_GRAPH
2024-10-21 05:51:47 [runtime] (chunks_complete) ID.Male_Host_B.SC_RNA_COUNTER_CS.SC_MULTI_CORE.MULTI_CHEMISTRY_DETECTOR.CHECK_BARCODES_COMPATIBILITY
2024-10-21 05:51:47 [runtime] (chunks_complete) ID.Male_Host_B.SC_RNA_COUNTER_CS.SC_MULTI_CORE.MULTI_GEM_WELL_PROCESSOR.COUNT_GEM_WELL_PROCESSOR.MULTI_SETUP_CHUNKS
2024-10-21 05:51:47 [runtime] (chunks_complete) ID.Male_Host_B.SC_RNA_COUNTER_CS.SC_MULTI_CORE.MULTI_GEM_WELL_PROCESSOR.MAKE_VDJ_FILTER_SWITCH
2024-10-21 05:51:47 [runtime] (ready)           ID.Male_Host_B.SC_RNA_COUNTER_CS.SC_MULTI_CORE.MULTI_GEM_WELL_PROCESSOR.COUNT_GEM_WELL_PROCESSOR._BASIC_SC_RNA_COUNTER._MATRIX_COMPUTER.MAKE_SHARD
2024-10-21 05:51:47 [runtime] (run:local)       ID.Male_Host_B.SC_RNA_COUNTER_CS.SC_MULTI_CORE.MULTI_GEM_WELL_PROCESSOR.COUNT_GEM_WELL_PROCESSOR._BASIC_SC_RNA_COUNTER._MATRIX_COMPUTER.MAKE_SHARD.fork0.split
2024-10-21 05:51:47 [runtime] (split_complete)  ID.Male_Host_B.SC_RNA_COUNTER_CS.SC_MULTI_CORE.MULTI_GEM_WELL_PROCESSOR.COUNT_GEM_WELL_PROCESSOR._BASIC_SC_RNA_COUNTER._MATRIX_COMPUTER.MAKE_SHARD
2024-10-21 05:51:47 [runtime] (run:local)       ID.Male_Host_B.SC_RNA_COUNTER_CS.SC_MULTI_CORE.MULTI_GEM_WELL_PROCESSOR.COUNT_GEM_WELL_PROCESSOR._BASIC_SC_RNA_COUNTER._MATRIX_COMPUTER.MAKE_SHARD.fork0.chnk0.main
2024-10-21 05:51:47 [runtime] (run:local)       ID.Male_Host_B.SC_RNA_COUNTER_CS.SC_MULTI_CORE.MULTI_GEM_WELL_PROCESSOR.COUNT_GEM_WELL_PROCESSOR._BASIC_SC_RNA_COUNTER._MATRIX_COMPUTER.MAKE_SHARD.fork0.chnk1.main
2024-10-21 05:57:49 [runtime] (update)          ID.Male_Host_B.SC_RNA_COUNTER_CS.SC_MULTI_CORE.MULTI_GEM_WELL_PROCESSOR.COUNT_GEM_WELL_PROCESSOR._BASIC_SC_RNA_COUNTER._MATRIX_COMPUTER.MAKE_SHARD.fork0 chunks running (0/2 completed)
2024-10-21 06:03:48 [runtime] (update)          ID.Male_Host_B.SC_RNA_COUNTER_CS.SC_MULTI_CORE.MULTI_GEM_WELL_PROCESSOR.COUNT_GEM_WELL_PROCESSOR._BASIC_SC_RNA_COUNTER._MATRIX_COMPUTER.MAKE_SHARD.fork0 chunks running (0/2 completed)
2024-10-21 06:09:50 [runtime] (update)          ID.Male_Host_B.SC_RNA_COUNTER_CS.SC_MULTI_CORE.MULTI_GEM_WELL_PROCESSOR.COUNT_GEM_WELL_PROCESSOR._BASIC_SC_RNA_COUNTER._MATRIX_COMPUTER.MAKE_SHARD.fork0 chunks running (0/2 completed)
2024-10-21 06:15:49 [runtime] (update)          ID.Male_Host_B.SC_RNA_COUNTER_CS.SC_MULTI_CORE.MULTI_GEM_WELL_PROCESSOR.COUNT_GEM_WELL_PROCESSOR._BASIC_SC_RNA_COUNTER._MATRIX_COMPUTER.MAKE_SHARD.fork0 chunks running (0/2 completed)
2024-10-21 06:21:51 [runtime] (update)          ID.Male_Host_B.SC_RNA_COUNTER_CS.SC_MULTI_CORE.MULTI_GEM_WELL_PROCESSOR.COUNT_GEM_WELL_PROCESSOR._BASIC_SC_RNA_COUNTER._MATRIX_COMPUTER.MAKE_SHARD.fork0 chunks running (0/2 completed)
2024-10-21 06:27:50 [runtime] (update)          ID.Male_Host_B.SC_RNA_COUNTER_CS.SC_MULTI_CORE.MULTI_GEM_WELL_PROCESSOR.COUNT_GEM_WELL_PROCESSOR._BASIC_SC_RNA_COUNTER._MATRIX_COMPUTER.MAKE_SHARD.fork0 chunks running (0/2 completed)
2024-10-21 06:33:49 [runtime] (update)          ID.Male_Host_B.SC_RNA_COUNTER_CS.SC_MULTI_CORE.MULTI_GEM_WELL_PROCESSOR.COUNT_GEM_WELL_PROCESSOR._BASIC_SC_RNA_COUNTER._MATRIX_COMPUTER.MAKE_SHARD.fork0 chunks running (0/2 completed)
2024-10-21 06:39:51 [runtime] (update)          ID.Male_Host_B.SC_RNA_COUNTER_CS.SC_MULTI_CORE.MULTI_GEM_WELL_PROCESSOR.COUNT_GEM_WELL_PROCESSOR._BASIC_SC_RNA_COUNTER._MATRIX_COMPUTER.MAKE_SHARD.fork0 chunks running (0/2 completed)
2024-10-21 06:45:50 [runtime] (update)          ID.Male_Host_B.SC_RNA_COUNTER_CS.SC_MULTI_CORE.MULTI_GEM_WELL_PROCESSOR.COUNT_GEM_WELL_PROCESSOR._BASIC_SC_RNA_COUNTER._MATRIX_COMPUTER.MAKE_SHARD.fork0 chunks running (0/2 completed)
2024-10-21 06:51:49 [runtime] (update)          ID.Male_Host_B.SC_RNA_COUNTER_CS.SC_MULTI_CORE.MULTI_GEM_WELL_PROCESSOR.COUNT_GEM_WELL_PROCESSOR._BASIC_SC_RNA_COUNTER._MATRIX_COMPUTER.MAKE_SHARD.fork0 chunks running (0/2 completed)
2024-10-21 06:57:51 [runtime] (update)          ID.Male_Host_B.SC_RNA_COUNTER_CS.SC_MULTI_CORE.MULTI_GEM_WELL_PROCESSOR.COUNT_GEM_WELL_PROCESSOR._BASIC_SC_RNA_COUNTER._MATRIX_COMPUTER.MAKE_SHARD.fork0 chunks running (0/2 completed)
2024-10-21 07:03:50 [runtime] (update)          ID.Male_Host_B.SC_RNA_COUNTER_CS.SC_MULTI_CORE.MULTI_GEM_WELL_PROCESSOR.COUNT_GEM_WELL_PROCESSOR._BASIC_SC_RNA_COUNTER._MATRIX_COMPUTER.MAKE_SHARD.fork0 chunks running (0/2 completed)
2024-10-21 07:09:52 [runtime] (update)          ID.Male_Host_B.SC_RNA_COUNTER_CS.SC_MULTI_CORE.MULTI_GEM_WELL_PROCESSOR.COUNT_GEM_WELL_PROCESSOR._BASIC_SC_RNA_COUNTER._MATRIX_COMPUTER.MAKE_SHARD.fork0 chunks running (0/2 completed)
2024-10-21 07:15:51 [runtime] (update)          ID.Male_Host_B.SC_RNA_COUNTER_CS.SC_MULTI_CORE.MULTI_GEM_WELL_PROCESSOR.COUNT_GEM_WELL_PROCESSOR._BASIC_SC_RNA_COUNTER._MATRIX_COMPUTER.MAKE_SHARD.fork0 chunks running (0/2 completed)
2024-10-21 07:21:50 [runtime] (update)          ID.Male_Host_B.SC_RNA_COUNTER_CS.SC_MULTI_CORE.MULTI_GEM_WELL_PROCESSOR.COUNT_GEM_WELL_PROCESSOR._BASIC_SC_RNA_COUNTER._MATRIX_COMPUTER.MAKE_SHARD.fork0 chunks running (0/2 completed)
2024-10-21 07:27:52 [runtime] (update)          ID.Male_Host_B.SC_RNA_COUNTER_CS.SC_MULTI_CORE.MULTI_GEM_WELL_PROCESSOR.COUNT_GEM_WELL_PROCESSOR._BASIC_SC_RNA_COUNTER._MATRIX_COMPUTER.MAKE_SHARD.fork0 chunks running (0/2 completed)
2024-10-21 07:33:51 [runtime] (update)          ID.Male_Host_B.SC_RNA_COUNTER_CS.SC_MULTI_CORE.MULTI_GEM_WELL_PROCESSOR.COUNT_GEM_WELL_PROCESSOR._BASIC_SC_RNA_COUNTER._MATRIX_COMPUTER.MAKE_SHARD.fork0 chunks running (0/2 completed)
2024-10-21 07:39:50 [runtime] (update)          ID.Male_Host_B.SC_RNA_COUNTER_CS.SC_MULTI_CORE.MULTI_GEM_WELL_PROCESSOR.COUNT_GEM_WELL_PROCESSOR._BASIC_SC_RNA_COUNTER._MATRIX_COMPUTER.MAKE_SHARD.fork0 chunks running (0/2 completed)
2024-10-21 07:45:53 [runtime] (update)          ID.Male_Host_B.SC_RNA_COUNTER_CS.SC_MULTI_CORE.MULTI_GEM_WELL_PROCESSOR.COUNT_GEM_WELL_PROCESSOR._BASIC_SC_RNA_COUNTER._MATRIX_COMPUTER.MAKE_SHARD.fork0 chunks running (0/2 completed)
2024-10-21 07:51:52 [runtime] (update)          ID.Male_Host_B.SC_RNA_COUNTER_CS.SC_MULTI_CORE.MULTI_GEM_WELL_PROCESSOR.COUNT_GEM_WELL_PROCESSOR._BASIC_SC_RNA_COUNTER._MATRIX_COMPUTER.MAKE_SHARD.fork0 chunks running (0/2 completed)
2024-10-21 07:57:51 [runtime] (update)          ID.Male_Host_B.SC_RNA_COUNTER_CS.SC_MULTI_CORE.MULTI_GEM_WELL_PROCESSOR.COUNT_GEM_WELL_PROCESSOR._BASIC_SC_RNA_COUNTER._MATRIX_COMPUTER.MAKE_SHARD.fork0 chunks running (0/2 completed)
2024-10-21 08:03:53 [runtime] (update)          ID.Male_Host_B.SC_RNA_COUNTER_CS.SC_MULTI_CORE.MULTI_GEM_WELL_PROCESSOR.COUNT_GEM_WELL_PROCESSOR._BASIC_SC_RNA_COUNTER._MATRIX_COMPUTER.MAKE_SHARD.fork0 chunks running (0/2 completed)
2024-10-21 08:09:52 [runtime] (update)          ID.Male_Host_B.SC_RNA_COUNTER_CS.SC_MULTI_CORE.MULTI_GEM_WELL_PROCESSOR.COUNT_GEM_WELL_PROCESSOR._BASIC_SC_RNA_COUNTER._MATRIX_COMPUTER.MAKE_SHARD.fork0 chunks running (0/2 completed)
2024-10-21 08:10:54 [runtime] (failed)          ID.Male_Host_B.SC_RNA_COUNTER_CS.SC_MULTI_CORE.MULTI_GEM_WELL_PROCESSOR.COUNT_GEM_WELL_PROCESSOR._BASIC_SC_RNA_COUNTER._MATRIX_COMPUTER.MAKE_SHARD

[error] Pipestance failed. Error log at:
Male_Host_B/SC_RNA_COUNTER_CS/SC_MULTI_CORE/MULTI_GEM_WELL_PROCESSOR/COUNT_GEM_WELL_PROCESSOR/_BASIC_SC_RNA_COUNTER/_MATRIX_COMPUTER/MAKE_SHARD/fork0/chnk1-ufa5e163243/_errors

Log message:
There were no reads to process. Please check whether the read lengths in the input fastqs satisfy the minumum read length requirements for the chemistry.

Waiting 6 seconds for UI to do final refresh.
Pipestance failed. Use --noexit option to keep UI running after failure.

2024-10-21 08:11:00 Shutting down.
Saving pipestance info to "Male_Host_B/Male_Host_B.mri.tgz"
For assistance, upload this file to 10x Genomics by running:

cellranger upload <your_email> "Male_Host_B/Male_Host_B.mri.tgz"

Finished Male_Host_B
