

Martian Runtime - v4.0.12
Serving UI at http://HMM:43207?auth=9w7ZiMsBC-iEvz7GjnvrFAZ7duJZsFh6vHaJQdJnL0k

Running preflight checks (please wait)...
Checking sample info...
Checking FASTQ folder...
Checking reference...
Checking reference_path (/media/XLStorage/hbao2/SCRNA/Ref/FCA_6.60/FCA660_Cellranger801) on HMM...
Checking optional arguments...
mro: v4.0.12
mrp: v4.0.12
python: Python 3.10.8
numpy: 1.24.4
scipy: 1.10.1
pysam: 0.21.0
h5py: 3.9.0
pandas: 2.1.4
STAR: 2.7.2a
samtools: samtools 1.16.1
2024-11-04 11:58:30 [runtime] (ready)           ID.Female_Host_B.SC_RNA_COUNTER_CS.SC_MULTI_CORE.COPY_VDJ_REFERENCE
2024-11-04 11:58:30 [runtime] (ready)           ID.Female_Host_B.SC_RNA_COUNTER_CS.SC_MULTI_CORE.SANITIZE_MAP_CALLS
2024-11-04 11:58:30 [runtime] (ready)           ID.Female_Host_B.SC_RNA_COUNTER_CS.FULL_COUNT_INPUTS.WRITE_GENE_INDEX
2024-11-04 11:58:30 [runtime] (run:local)       ID.Female_Host_B.SC_RNA_COUNTER_CS.FULL_COUNT_INPUTS.WRITE_GENE_INDEX.fork0.chnk0.main
2024-11-04 11:58:30 [runtime] (ready)           ID.Female_Host_B.SC_RNA_COUNTER_CS.SC_MULTI_CORE.SPLIT_VDJ_INPUTS
2024-11-04 11:58:30 [runtime] (ready)           ID.Female_Host_B.SC_RNA_COUNTER_CS.COPY_CHEMISTRY_SPEC
2024-11-04 11:58:30 [runtime] (run:local)       ID.Female_Host_B.SC_RNA_COUNTER_CS.COPY_CHEMISTRY_SPEC.fork0.chnk0.main
2024-11-04 11:58:30 [runtime] (ready)           ID.Female_Host_B.SC_RNA_COUNTER_CS.SC_MULTI_CORE.MULTI_GEM_WELL_PROCESSOR.COUNT_GEM_WELL_PROCESSOR._BASIC_SC_RNA_COUNTER._MATRIX_COMPUTER.DISABLE_CORRECTION_FACTOR
2024-11-04 11:58:30 [runtime] (run:local)       ID.Female_Host_B.SC_RNA_COUNTER_CS.SC_MULTI_CORE.MULTI_GEM_WELL_PROCESSOR.COUNT_GEM_WELL_PROCESSOR._BASIC_SC_RNA_COUNTER._MATRIX_COMPUTER.DISABLE_CORRECTION_FACTOR.fork0.chnk0.main
2024-11-04 11:58:30 [runtime] (ready)           ID.Female_Host_B.SC_RNA_COUNTER_CS.WRITE_GENE_INDEX
2024-11-04 11:58:30 [runtime] (run:local)       ID.Female_Host_B.SC_RNA_COUNTER_CS.WRITE_GENE_INDEX.fork0.chnk0.main
2024-11-04 11:58:30 [runtime] (ready)           ID.Female_Host_B.SC_RNA_COUNTER_CS.SC_MULTI_CORE.MAKE_FULL_CONFIG._MAKE_VDJ_CONFIG
2024-11-04 11:58:30 [runtime] (run:local)       ID.Female_Host_B.SC_RNA_COUNTER_CS.SC_MULTI_CORE.MAKE_FULL_CONFIG._MAKE_VDJ_CONFIG.fork0.chnk0.main
2024-11-04 11:58:30 [runtime] (ready)           ID.Female_Host_B.SC_RNA_COUNTER_CS.SC_MULTI_CORE.MULTI_CHEMISTRY_DETECTOR.CHECK_SINGLE_BEAM_MODE
2024-11-04 11:58:30 [runtime] (chunks_complete) ID.Female_Host_B.SC_RNA_COUNTER_CS.SC_MULTI_CORE.MULTI_GEM_WELL_PROCESSOR.COUNT_GEM_WELL_PROCESSOR._BASIC_SC_RNA_COUNTER._MATRIX_COMPUTER.DISABLE_CORRECTION_FACTOR
2024-11-04 11:58:30 [runtime] (ready)           ID.Female_Host_B.SC_RNA_COUNTER_CS.SC_MULTI_CORE.MULTI_GEM_WELL_PROCESSOR.COUNT_GEM_WELL_PROCESSOR._BASIC_SC_RNA_COUNTER._MATRIX_COMPUTER.COMPUTE_CORRECTION_FACTOR
2024-11-04 11:58:30 [runtime] (chunks_complete) ID.Female_Host_B.SC_RNA_COUNTER_CS.COPY_CHEMISTRY_SPEC
2024-11-04 11:58:30 [runtime] (ready)           ID.Female_Host_B.SC_RNA_COUNTER_CS.SC_MULTI_CORE.MULTI_CHEMISTRY_DETECTOR.DETECT_COUNT_CHEMISTRY
2024-11-04 11:58:30 [runtime] (run:local)       ID.Female_Host_B.SC_RNA_COUNTER_CS.SC_MULTI_CORE.MULTI_CHEMISTRY_DETECTOR.DETECT_COUNT_CHEMISTRY.fork0.chnk0.main
2024-11-04 11:58:30 [runtime] (chunks_complete) ID.Female_Host_B.SC_RNA_COUNTER_CS.SC_MULTI_CORE.MAKE_FULL_CONFIG._MAKE_VDJ_CONFIG
2024-11-04 11:58:30 [runtime] (ready)           ID.Female_Host_B.SC_RNA_COUNTER_CS.SC_MULTI_CORE.MULTI_GEM_WELL_PROCESSOR.VDJ_B_GEM_WELL_PROCESSOR.MULTI_SETUP_CHUNKS
2024-11-04 11:58:30 [runtime] (ready)           ID.Female_Host_B.SC_RNA_COUNTER_CS.SC_MULTI_CORE.MULTI_GEM_WELL_PROCESSOR.VDJ_T_GD_GEM_WELL_PROCESSOR.MULTI_SETUP_CHUNKS
2024-11-04 11:58:30 [runtime] (ready)           ID.Female_Host_B.SC_RNA_COUNTER_CS.SC_MULTI_CORE.MULTI_GEM_WELL_PROCESSOR.VDJ_T_GEM_WELL_PROCESSOR.MULTI_SETUP_CHUNKS
2024-11-04 11:58:30 [runtime] (ready)           ID.Female_Host_B.SC_RNA_COUNTER_CS.SC_MULTI_CORE.MULTI_GEM_WELL_PROCESSOR.VDJ_T_GEM_WELL_PROCESSOR.SETUP_VDJ_DEMUX
2024-11-04 11:58:30 [runtime] (ready)           ID.Female_Host_B.SC_RNA_COUNTER_CS.SC_MULTI_CORE.MULTI_GEM_WELL_PROCESSOR.VDJ_T_GD_GEM_WELL_PROCESSOR.SETUP_VDJ_DEMUX
2024-11-04 11:58:30 [runtime] (ready)           ID.Female_Host_B.SC_RNA_COUNTER_CS.SC_MULTI_CORE.MULTI_GEM_WELL_PROCESSOR.VDJ_B_GEM_WELL_PROCESSOR.SC_VDJ_CONTIG_ASSEMBLER.MAKE_SHARD
2024-11-04 11:58:30 [runtime] (ready)           ID.Female_Host_B.SC_RNA_COUNTER_CS.SC_MULTI_CORE.MULTI_GEM_WELL_PROCESSOR.VDJ_B_GEM_WELL_PROCESSOR.SETUP_VDJ_DEMUX
2024-11-04 11:58:30 [runtime] (ready)           ID.Female_Host_B.SC_RNA_COUNTER_CS.SC_MULTI_CORE.MULTI_GEM_WELL_PROCESSOR.VDJ_B_GEM_WELL_PROCESSOR.SC_VDJ_CONTIG_ASSEMBLER.BARCODE_CORRECTION
2024-11-04 11:58:30 [runtime] (ready)           ID.Female_Host_B.SC_RNA_COUNTER_CS.SC_MULTI_CORE.MULTI_GEM_WELL_PROCESSOR.VDJ_T_GD_GEM_WELL_PROCESSOR.SC_VDJ_CONTIG_ASSEMBLER.MAKE_SHARD
2024-11-04 11:58:30 [runtime] (ready)           ID.Female_Host_B.SC_RNA_COUNTER_CS.SC_MULTI_CORE.MULTI_GEM_WELL_PROCESSOR.VDJ_T_GEM_WELL_PROCESSOR.SC_VDJ_CONTIG_ASSEMBLER.MAKE_SHARD
2024-11-04 11:58:30 [runtime] (ready)           ID.Female_Host_B.SC_RNA_COUNTER_CS.SC_MULTI_CORE.MULTI_GEM_WELL_PROCESSOR.VDJ_T_GD_GEM_WELL_PROCESSOR.SC_VDJ_CONTIG_ASSEMBLER.BARCODE_CORRECTION
2024-11-04 11:58:30 [runtime] (ready)           ID.Female_Host_B.SC_RNA_COUNTER_CS.SC_MULTI_CORE.MULTI_GEM_WELL_PROCESSOR.VDJ_T_GEM_WELL_PROCESSOR.SC_VDJ_CONTIG_ASSEMBLER.BARCODE_CORRECTION
2024-11-04 11:58:30 [runtime] (ready)           ID.Female_Host_B.SC_RNA_COUNTER_CS.SC_MULTI_CORE.MULTI_GEM_WELL_PROCESSOR.VDJ_B_GEM_WELL_PROCESSOR.SC_VDJ_CONTIG_ASSEMBLER.RUST_BRIDGE
2024-11-04 11:58:30 [runtime] (ready)           ID.Female_Host_B.SC_RNA_COUNTER_CS.SC_MULTI_CORE.MULTI_GEM_WELL_PROCESSOR.VDJ_T_GD_GEM_WELL_PROCESSOR.SC_VDJ_CONTIG_ASSEMBLER.RUST_BRIDGE
2024-11-04 11:58:30 [runtime] (ready)           ID.Female_Host_B.SC_RNA_COUNTER_CS.SC_MULTI_CORE.MULTI_GEM_WELL_PROCESSOR.VDJ_B_GEM_WELL_PROCESSOR.SC_VDJ_CONTIG_ASSEMBLER.ASSEMBLE_VDJ
2024-11-04 11:58:30 [runtime] (ready)           ID.Female_Host_B.SC_RNA_COUNTER_CS.SC_MULTI_CORE.MULTI_GEM_WELL_PROCESSOR.VDJ_T_GEM_WELL_PROCESSOR.SC_VDJ_CONTIG_ASSEMBLER.RUST_BRIDGE
2024-11-04 11:58:30 [runtime] (ready)           ID.Female_Host_B.SC_RNA_COUNTER_CS.SC_MULTI_CORE.MULTI_GEM_WELL_PROCESSOR.VDJ_T_GD_GEM_WELL_PROCESSOR.SC_VDJ_CONTIG_ASSEMBLER.ASSEMBLE_VDJ
2024-11-04 11:58:30 [runtime] (ready)           ID.Female_Host_B.SC_RNA_COUNTER_CS.SC_MULTI_CORE.MULTI_GEM_WELL_PROCESSOR.VDJ_B_GEM_WELL_PROCESSOR.SC_VDJ_CONTIG_ASSEMBLER.MERGE_METRICS
2024-11-04 11:58:30 [runtime] (ready)           ID.Female_Host_B.SC_RNA_COUNTER_CS.SC_MULTI_CORE.MULTI_GEM_WELL_PROCESSOR.VDJ_T_GEM_WELL_PROCESSOR.SC_VDJ_CONTIG_ASSEMBLER.ASSEMBLE_VDJ
2024-11-04 11:58:30 [runtime] (ready)           ID.Female_Host_B.SC_RNA_COUNTER_CS.SC_MULTI_CORE.MULTI_GEM_WELL_PROCESSOR.VDJ_T_GD_GEM_WELL_PROCESSOR.SC_VDJ_CONTIG_ASSEMBLER.MERGE_METRICS
2024-11-04 11:58:30 [runtime] (ready)           ID.Female_Host_B.SC_RNA_COUNTER_CS.SC_MULTI_CORE.MULTI_GEM_WELL_PROCESSOR.VDJ_T_GEM_WELL_PROCESSOR.SC_VDJ_CONTIG_ASSEMBLER.MERGE_METRICS
2024-11-04 11:58:32 [runtime] (chunks_complete) ID.Female_Host_B.SC_RNA_COUNTER_CS.WRITE_GENE_INDEX
2024-11-04 11:58:32 [runtime] (chunks_complete) ID.Female_Host_B.SC_RNA_COUNTER_CS.FULL_COUNT_INPUTS.WRITE_GENE_INDEX
2024-11-04 11:58:32 [runtime] (ready)           ID.Female_Host_B.SC_RNA_COUNTER_CS.SC_MULTI_CORE.MULTI_GEM_WELL_PROCESSOR.COUNT_GEM_WELL_PROCESSOR.PARSE_TARGET_FEATURES
2024-11-04 11:58:32 [runtime] (run:local)       ID.Female_Host_B.SC_RNA_COUNTER_CS.SC_MULTI_CORE.MULTI_GEM_WELL_PROCESSOR.COUNT_GEM_WELL_PROCESSOR.PARSE_TARGET_FEATURES.fork0.chnk0.main
2024-11-04 11:58:33 [runtime] (chunks_complete) ID.Female_Host_B.SC_RNA_COUNTER_CS.SC_MULTI_CORE.MULTI_GEM_WELL_PROCESSOR.COUNT_GEM_WELL_PROCESSOR.PARSE_TARGET_FEATURES
2024-11-04 11:58:49 [runtime] (chunks_complete) ID.Female_Host_B.SC_RNA_COUNTER_CS.SC_MULTI_CORE.MULTI_CHEMISTRY_DETECTOR.DETECT_COUNT_CHEMISTRY
2024-11-04 11:58:49 [runtime] (ready)           ID.Female_Host_B.SC_RNA_COUNTER_CS.SC_MULTI_CORE.CREATE_MULTI_GRAPH
2024-11-04 11:58:49 [runtime] (ready)           ID.Female_Host_B.SC_RNA_COUNTER_CS.SC_MULTI_CORE.MULTI_CHEMISTRY_DETECTOR.CHECK_BARCODES_COMPATIBILITY
2024-11-04 11:58:49 [runtime] (run:local)       ID.Female_Host_B.SC_RNA_COUNTER_CS.SC_MULTI_CORE.MULTI_CHEMISTRY_DETECTOR.CHECK_BARCODES_COMPATIBILITY.fork0.chnk0.main
2024-11-04 11:58:49 [runtime] (ready)           ID.Female_Host_B.SC_RNA_COUNTER_CS.SC_MULTI_CORE.MULTI_GEM_WELL_PROCESSOR.COUNT_GEM_WELL_PROCESSOR.MULTI_SETUP_CHUNKS
2024-11-04 11:58:49 [runtime] (run:local)       ID.Female_Host_B.SC_RNA_COUNTER_CS.SC_MULTI_CORE.MULTI_GEM_WELL_PROCESSOR.COUNT_GEM_WELL_PROCESSOR.MULTI_SETUP_CHUNKS.fork0.chnk0.main
2024-11-04 11:58:49 [runtime] (ready)           ID.Female_Host_B.SC_RNA_COUNTER_CS.SC_MULTI_CORE.MULTI_GEM_WELL_PROCESSOR.MAKE_VDJ_FILTER_SWITCH
2024-11-04 11:58:49 [runtime] (run:local)       ID.Female_Host_B.SC_RNA_COUNTER_CS.SC_MULTI_CORE.MULTI_GEM_WELL_PROCESSOR.MAKE_VDJ_FILTER_SWITCH.fork0.chnk0.main
2024-11-04 11:58:49 [runtime] (chunks_complete) ID.Female_Host_B.SC_RNA_COUNTER_CS.SC_MULTI_CORE.MULTI_CHEMISTRY_DETECTOR.CHECK_BARCODES_COMPATIBILITY
2024-11-04 11:58:49 [runtime] (chunks_complete) ID.Female_Host_B.SC_RNA_COUNTER_CS.SC_MULTI_CORE.MULTI_GEM_WELL_PROCESSOR.MAKE_VDJ_FILTER_SWITCH
2024-11-04 11:58:49 [runtime] (chunks_complete) ID.Female_Host_B.SC_RNA_COUNTER_CS.SC_MULTI_CORE.MULTI_GEM_WELL_PROCESSOR.COUNT_GEM_WELL_PROCESSOR.MULTI_SETUP_CHUNKS
2024-11-04 11:58:49 [runtime] (ready)           ID.Female_Host_B.SC_RNA_COUNTER_CS.SC_MULTI_CORE.MULTI_GEM_WELL_PROCESSOR.COUNT_GEM_WELL_PROCESSOR._BASIC_SC_RNA_COUNTER._MATRIX_COMPUTER.MAKE_SHARD
2024-11-04 11:58:49 [runtime] (run:local)       ID.Female_Host_B.SC_RNA_COUNTER_CS.SC_MULTI_CORE.MULTI_GEM_WELL_PROCESSOR.COUNT_GEM_WELL_PROCESSOR._BASIC_SC_RNA_COUNTER._MATRIX_COMPUTER.MAKE_SHARD.fork0.split
2024-11-04 11:58:50 [runtime] (split_complete)  ID.Female_Host_B.SC_RNA_COUNTER_CS.SC_MULTI_CORE.MULTI_GEM_WELL_PROCESSOR.COUNT_GEM_WELL_PROCESSOR._BASIC_SC_RNA_COUNTER._MATRIX_COMPUTER.MAKE_SHARD
2024-11-04 11:58:50 [runtime] (run:local)       ID.Female_Host_B.SC_RNA_COUNTER_CS.SC_MULTI_CORE.MULTI_GEM_WELL_PROCESSOR.COUNT_GEM_WELL_PROCESSOR._BASIC_SC_RNA_COUNTER._MATRIX_COMPUTER.MAKE_SHARD.fork0.chnk0.main
2024-11-04 11:58:50 [runtime] (run:local)       ID.Female_Host_B.SC_RNA_COUNTER_CS.SC_MULTI_CORE.MULTI_GEM_WELL_PROCESSOR.COUNT_GEM_WELL_PROCESSOR._BASIC_SC_RNA_COUNTER._MATRIX_COMPUTER.MAKE_SHARD.fork0.chnk1.main
